<?xml version="1.0" encoding="utf-8"?>
<!DOCTYPE coverage SYSTEM "http://cobertura.sourceforge.net/xml/coverage-04.dtd">
<coverage line-rate="0.894859813084112" branch-rate="0.815789473684211" lines-covered="383" lines-valid="428" branches-covered="62" branches-valid="76" complexity="93" version="0" timestamp="1699540804">
  <sources>
    <source>C:\Users\isaac\</source>
  </sources>
  <packages>
    <package name="NetworkController" line-rate="0.761111111111111" branch-rate="0.75" complexity="38">
      <classes>
        <class name="NetworkUtil.Networking" filename="C:\Users\isaac\source\repos\uofu-cs3500-fall23\game-insert_name_here_game\PS7\NetworkController\Networking.cs" line-rate="0.695652173913043" branch-rate="0.75" complexity="29">
          <methods>
            <method name="StartServer" signature="(...)" line-rate="1" branch-rate="1" complexity="2">
              <lines>
                <line number="21" hits="20" branch="false" />
                <line number="22" hits="20" branch="false" />
                <line number="23" hits="20" branch="false" />
                <line number="24" hits="20" branch="false" />
                <line number="25" hits="20" branch="true" condition-coverage="100% (2/2)" />
                <line number="27" hits="20" branch="false" />
                <line number="28" hits="20" branch="false" />
              </lines>
            </method>
            <method name="AcceptNewClient" signature="(...)" line-rate="1" branch-rate="0.5" complexity="2">
              <lines>
                <line number="49" hits="40" branch="false" />
                <line number="50" hits="40" branch="false" />
                <line number="51" hits="40" branch="false" />
                <line number="52" hits="40" branch="false" />
                <line number="55" hits="40" branch="false" />
                <line number="56" hits="40" branch="false" />
                <line number="57" hits="20" branch="false" />
                <line number="58" hits="20" branch="false" />
                <line number="59" hits="20" branch="true" condition-coverage="50% (1/2)" />
                <line number="60" hits="20" branch="false" />
                <line number="61" hits="20" branch="false" />
                <line number="62" hits="20" branch="false" />
                <line number="63" hits="20" branch="false" />
                <line number="64" hits="20" branch="false" />
                <line number="65" hits="40" branch="false" />
              </lines>
            </method>
            <method name="StopServer" signature="(...)" line-rate="0" branch-rate="1" complexity="1">
              <lines>
                <line number="71" hits="0" branch="false" />
                <line number="72" hits="0" branch="false" />
                <line number="73" hits="0" branch="false" />
              </lines>
            </method>
            <method name="ConnectToServer" signature="(...)" line-rate="0.682926829268293" branch-rate="0.9" complexity="10">
              <lines>
                <line number="96" hits="22" branch="false" />
                <line number="99" hits="22" branch="false" />
                <line number="103" hits="22" branch="false" />
                <line number="104" hits="22" branch="false" />
                <line number="105" hits="22" branch="false" />
                <line number="106" hits="130" branch="true" condition-coverage="100% (2/2)" />
                <line number="107" hits="43" branch="true" condition-coverage="100% (2/2)" />
                <line number="108" hits="22" branch="false" />
                <line number="109" hits="22" branch="false" />
                <line number="110" hits="22" branch="false" />
                <line number="111" hits="22" branch="false" />
                <line number="114" hits="22" branch="true" condition-coverage="50% (1/2)" />
                <line number="115" hits="0" branch="false" />
                <line number="116" hits="0" branch="false" />
                <line number="117" hits="0" branch="false" />
                <line number="118" hits="22" branch="false" />
                <line number="119" hits="0" branch="false" />
                <line number="120" hits="0" branch="false" />
                <line number="123" hits="0" branch="false" />
                <line number="124" hits="0" branch="false" />
                <line number="125" hits="0" branch="false" />
                <line number="126" hits="0" branch="false" />
                <line number="127" hits="0" branch="false" />
                <line number="128" hits="0" branch="false" />
                <line number="129" hits="0" branch="false" />
                <line number="130" hits="0" branch="false" />
                <line number="133" hits="22" branch="false" />
                <line number="138" hits="22" branch="false" />
                <line number="141" hits="22" branch="false" />
                <line number="142" hits="22" branch="false" />
                <line number="143" hits="22" branch="true" condition-coverage="100% (2/2)" />
                <line number="144" hits="22" branch="false" />
                <line number="145" hits="22" branch="true" condition-coverage="100% (2/2)" />
                <line number="146" hits="1" branch="false" />
                <line number="147" hits="1" branch="false" />
                <line number="149" hits="21" branch="false" />
                <line number="150" hits="1" branch="false" />
                <line number="151" hits="1" branch="false" />
                <line number="152" hits="1" branch="false" />
                <line number="153" hits="1" branch="false" />
                <line number="154" hits="22" branch="false" />
              </lines>
            </method>
            <method name="ConnectedCallback" signature="(...)" line-rate="1" branch-rate="1" complexity="1">
              <lines>
                <line number="170" hits="22" branch="false" />
                <line number="171" hits="22" branch="false" />
                <line number="172" hits="22" branch="false" />
                <line number="175" hits="22" branch="false" />
                <line number="176" hits="22" branch="false" />
                <line number="177" hits="20" branch="false" />
                <line number="178" hits="20" branch="false" />
                <line number="179" hits="2" branch="false" />
                <line number="180" hits="2" branch="false" />
                <line number="181" hits="2" branch="false" />
                <line number="182" hits="2" branch="false" />
                <line number="183" hits="2" branch="false" />
                <line number="184" hits="2" branch="false" />
                <line number="185" hits="22" branch="false" />
              </lines>
            </method>
            <method name="GetData" signature="(...)" line-rate="0.454545454545455" branch-rate="1" complexity="2">
              <lines>
                <line number="204" hits="15794" branch="false" />
                <line number="206" hits="15794" branch="false" />
                <line number="207" hits="15794" branch="true" condition-coverage="100% (2/2)" />
                <line number="208" hits="15794" branch="false" />
                <line number="209" hits="0" branch="false" />
                <line number="210" hits="0" branch="false" />
                <line number="212" hits="0" branch="false" />
                <line number="213" hits="0" branch="false" />
                <line number="214" hits="0" branch="false" />
                <line number="215" hits="0" branch="false" />
                <line number="216" hits="15794" branch="false" />
              </lines>
            </method>
            <method name="ReceiveCallback" signature="(...)" line-rate="1" branch-rate="1" complexity="1">
              <lines>
                <line number="236" hits="15794" branch="false" />
                <line number="237" hits="15794" branch="false" />
                <line number="238" hits="15794" branch="false" />
                <line number="241" hits="15794" branch="false" />
                <line number="242" hits="15794" branch="false" />
                <line number="243" hits="15786" branch="false" />
                <line number="246" hits="15786" branch="false" />
                <line number="248" hits="15786" branch="false" />
                <line number="249" hits="15786" branch="false" />
                <line number="250" hits="8" branch="false" />
                <line number="251" hits="8" branch="false" />
                <line number="252" hits="8" branch="false" />
                <line number="253" hits="8" branch="false" />
                <line number="254" hits="8" branch="false" />
                <line number="255" hits="8" branch="false" />
                <line number="256" hits="15794" branch="false" />
              </lines>
            </method>
            <method name="Send" signature="(...)" line-rate="0.636363636363636" branch-rate="1" complexity="4">
              <lines>
                <line number="269" hits="22022" branch="false" />
                <line number="270" hits="22024" branch="true" condition-coverage="100% (2/2)" />
                <line number="273" hits="22020" branch="false" />
                <line number="274" hits="22020" branch="false" />
                <line number="275" hits="22020" branch="true" condition-coverage="100% (2/2)" />
                <line number="276" hits="22020" branch="false" />
                <line number="278" hits="0" branch="false" />
                <line number="279" hits="0" branch="false" />
                <line number="280" hits="0" branch="false" />
                <line number="281" hits="0" branch="false" />
                <line number="283" hits="22022" branch="false" />
              </lines>
            </method>
            <method name="SendCallback" signature="(...)" line-rate="1" branch-rate="1" complexity="1">
              <lines>
                <line number="297" hits="22020" branch="false" />
                <line number="298" hits="22020" branch="false" />
                <line number="299" hits="22020" branch="false" />
                <line number="301" hits="22020" branch="false" />
              </lines>
            </method>
            <method name="SendAndClose" signature="(...)" line-rate="0" branch-rate="0" complexity="4">
              <lines>
                <line number="316" hits="0" branch="false" />
                <line number="317" hits="0" branch="true" condition-coverage="0% (0/2)" />
                <line number="320" hits="0" branch="false" />
                <line number="321" hits="0" branch="false" />
                <line number="322" hits="0" branch="true" condition-coverage="0% (0/2)" />
                <line number="323" hits="0" branch="false" />
                <line number="325" hits="0" branch="false" />
                <line number="326" hits="0" branch="false" />
                <line number="327" hits="0" branch="false" />
                <line number="328" hits="0" branch="false" />
                <line number="330" hits="0" branch="false" />
              </lines>
            </method>
            <method name="SendAndCloseCallback" signature="(...)" line-rate="0" branch-rate="1" complexity="1">
              <lines>
                <line number="346" hits="0" branch="false" />
                <line number="347" hits="0" branch="false" />
                <line number="348" hits="0" branch="false" />
                <line number="349" hits="0" branch="false" />
                <line number="350" hits="0" branch="false" />
              </lines>
            </method>
          </methods>
          <lines>
            <line number="21" hits="20" branch="false" />
            <line number="22" hits="20" branch="false" />
            <line number="23" hits="20" branch="false" />
            <line number="24" hits="20" branch="false" />
            <line number="25" hits="20" branch="true" condition-coverage="100% (2/2)" />
            <line number="27" hits="20" branch="false" />
            <line number="28" hits="20" branch="false" />
            <line number="49" hits="40" branch="false" />
            <line number="50" hits="40" branch="false" />
            <line number="51" hits="40" branch="false" />
            <line number="52" hits="40" branch="false" />
            <line number="55" hits="40" branch="false" />
            <line number="56" hits="40" branch="false" />
            <line number="57" hits="20" branch="false" />
            <line number="58" hits="20" branch="false" />
            <line number="59" hits="20" branch="true" condition-coverage="50% (1/2)" />
            <line number="60" hits="20" branch="false" />
            <line number="61" hits="20" branch="false" />
            <line number="62" hits="20" branch="false" />
            <line number="63" hits="20" branch="false" />
            <line number="64" hits="20" branch="false" />
            <line number="65" hits="40" branch="false" />
            <line number="71" hits="0" branch="false" />
            <line number="72" hits="0" branch="false" />
            <line number="73" hits="0" branch="false" />
            <line number="96" hits="22" branch="false" />
            <line number="99" hits="22" branch="false" />
            <line number="103" hits="22" branch="false" />
            <line number="104" hits="22" branch="false" />
            <line number="105" hits="22" branch="false" />
            <line number="106" hits="130" branch="true" condition-coverage="100% (2/2)" />
            <line number="107" hits="43" branch="true" condition-coverage="100% (2/2)" />
            <line number="108" hits="22" branch="false" />
            <line number="109" hits="22" branch="false" />
            <line number="110" hits="22" branch="false" />
            <line number="111" hits="22" branch="false" />
            <line number="114" hits="22" branch="true" condition-coverage="50% (1/2)" />
            <line number="115" hits="0" branch="false" />
            <line number="116" hits="0" branch="false" />
            <line number="117" hits="0" branch="false" />
            <line number="118" hits="22" branch="false" />
            <line number="119" hits="0" branch="false" />
            <line number="120" hits="0" branch="false" />
            <line number="123" hits="0" branch="false" />
            <line number="124" hits="0" branch="false" />
            <line number="125" hits="0" branch="false" />
            <line number="126" hits="0" branch="false" />
            <line number="127" hits="0" branch="false" />
            <line number="128" hits="0" branch="false" />
            <line number="129" hits="0" branch="false" />
            <line number="130" hits="0" branch="false" />
            <line number="133" hits="22" branch="false" />
            <line number="138" hits="22" branch="false" />
            <line number="141" hits="22" branch="false" />
            <line number="142" hits="22" branch="false" />
            <line number="143" hits="22" branch="true" condition-coverage="100% (2/2)" />
            <line number="144" hits="22" branch="false" />
            <line number="145" hits="22" branch="true" condition-coverage="100% (2/2)" />
            <line number="146" hits="1" branch="false" />
            <line number="147" hits="1" branch="false" />
            <line number="149" hits="21" branch="false" />
            <line number="150" hits="1" branch="false" />
            <line number="151" hits="1" branch="false" />
            <line number="152" hits="1" branch="false" />
            <line number="153" hits="1" branch="false" />
            <line number="154" hits="22" branch="false" />
            <line number="170" hits="22" branch="false" />
            <line number="171" hits="22" branch="false" />
            <line number="172" hits="22" branch="false" />
            <line number="175" hits="22" branch="false" />
            <line number="176" hits="22" branch="false" />
            <line number="177" hits="20" branch="false" />
            <line number="178" hits="20" branch="false" />
            <line number="179" hits="2" branch="false" />
            <line number="180" hits="2" branch="false" />
            <line number="181" hits="2" branch="false" />
            <line number="182" hits="2" branch="false" />
            <line number="183" hits="2" branch="false" />
            <line number="184" hits="2" branch="false" />
            <line number="185" hits="22" branch="false" />
            <line number="204" hits="15794" branch="false" />
            <line number="206" hits="15794" branch="false" />
            <line number="207" hits="15794" branch="true" condition-coverage="100% (2/2)" />
            <line number="208" hits="15794" branch="false" />
            <line number="209" hits="0" branch="false" />
            <line number="210" hits="0" branch="false" />
            <line number="212" hits="0" branch="false" />
            <line number="213" hits="0" branch="false" />
            <line number="214" hits="0" branch="false" />
            <line number="215" hits="0" branch="false" />
            <line number="216" hits="15794" branch="false" />
            <line number="236" hits="15794" branch="false" />
            <line number="237" hits="15794" branch="false" />
            <line number="238" hits="15794" branch="false" />
            <line number="241" hits="15794" branch="false" />
            <line number="242" hits="15794" branch="false" />
            <line number="243" hits="15786" branch="false" />
            <line number="246" hits="15786" branch="false" />
            <line number="248" hits="15786" branch="false" />
            <line number="249" hits="15786" branch="false" />
            <line number="250" hits="8" branch="false" />
            <line number="251" hits="8" branch="false" />
            <line number="252" hits="8" branch="false" />
            <line number="253" hits="8" branch="false" />
            <line number="254" hits="8" branch="false" />
            <line number="255" hits="8" branch="false" />
            <line number="256" hits="15794" branch="false" />
            <line number="269" hits="22022" branch="false" />
            <line number="270" hits="22024" branch="true" condition-coverage="100% (2/2)" />
            <line number="273" hits="22020" branch="false" />
            <line number="274" hits="22020" branch="false" />
            <line number="275" hits="22020" branch="true" condition-coverage="100% (2/2)" />
            <line number="276" hits="22020" branch="false" />
            <line number="278" hits="0" branch="false" />
            <line number="279" hits="0" branch="false" />
            <line number="280" hits="0" branch="false" />
            <line number="281" hits="0" branch="false" />
            <line number="283" hits="22022" branch="false" />
            <line number="297" hits="22020" branch="false" />
            <line number="298" hits="22020" branch="false" />
            <line number="299" hits="22020" branch="false" />
            <line number="301" hits="22020" branch="false" />
            <line number="316" hits="0" branch="false" />
            <line number="317" hits="0" branch="true" condition-coverage="0% (0/2)" />
            <line number="320" hits="0" branch="false" />
            <line number="321" hits="0" branch="false" />
            <line number="322" hits="0" branch="true" condition-coverage="0% (0/2)" />
            <line number="323" hits="0" branch="false" />
            <line number="325" hits="0" branch="false" />
            <line number="326" hits="0" branch="false" />
            <line number="327" hits="0" branch="false" />
            <line number="328" hits="0" branch="false" />
            <line number="330" hits="0" branch="false" />
            <line number="346" hits="0" branch="false" />
            <line number="347" hits="0" branch="false" />
            <line number="348" hits="0" branch="false" />
            <line number="349" hits="0" branch="false" />
            <line number="350" hits="0" branch="false" />
          </lines>
        </class>
        <class name="NetworkUtil.SocketState" filename="C:\Users\isaac\source\repos\uofu-cs3500-fall23\game-insert_name_here_game\PS7\NetworkController\SocketState.cs" line-rate="0.976190476190476" branch-rate="1" complexity="9">
          <methods>
            <method name="get_ErrorMessage" signature="()" line-rate="0" branch-rate="1" complexity="1">
              <lines>
                <line number="28" hits="0" branch="false" />
              </lines>
            </method>
            <method name="set_ErrorMessage" signature="(...)" line-rate="1" branch-rate="1" complexity="1">
              <lines>
                <line number="29" hits="31" branch="false" />
              </lines>
            </method>
            <method name="get_ErrorOccurred" signature="()" line-rate="1" branch-rate="1" complexity="1">
              <lines>
                <line number="40" hits="15786" branch="false" />
              </lines>
            </method>
            <method name="set_ErrorOccurred" signature="(...)" line-rate="1" branch-rate="1" complexity="1">
              <lines>
                <line number="41" hits="73" branch="false" />
              </lines>
            </method>
            <method name="GetData" signature="()" line-rate="1" branch-rate="1" complexity="1">
              <lines>
                <line number="102" hits="31528" branch="false" />
                <line number="104" hits="31528" branch="false" />
                <line number="105" hits="31528" branch="false" />
                <line number="106" hits="31528" branch="false" />
                <line number="107" hits="31528" branch="false" />
                <line number="108" hits="31528" branch="false" />
                <line number="109" hits="31528" branch="false" />
              </lines>
            </method>
            <method name="RemoveData" signature="(...)" line-rate="1" branch-rate="1" complexity="1">
              <lines>
                <line number="118" hits="15754" branch="false" />
                <line number="119" hits="15754" branch="false" />
                <line number="120" hits="15754" branch="false" />
                <line number="121" hits="15754" branch="false" />
                <line number="122" hits="15754" branch="false" />
                <line number="123" hits="15754" branch="false" />
              </lines>
            </method>
            <method name=".ctor" signature="(...)" line-rate="0.944444444444444" branch-rate="1" complexity="1">
              <lines>
                <line number="20" hits="63" branch="false" />
                <line number="21" hits="63" branch="false" />
                <line number="28" hits="0" branch="false" />
                <line number="29" hits="31" branch="false" />
                <line number="40" hits="15786" branch="false" />
                <line number="41" hits="73" branch="false" />
                <line number="48" hits="1" branch="false" />
                <line number="49" hits="1" branch="false" />
                <line number="66" hits="42" branch="false" />
                <line number="67" hits="42" branch="false" />
                <line number="68" hits="42" branch="false" />
                <line number="69" hits="42" branch="false" />
                <line number="70" hits="42" branch="false" />
                <line number="71" hits="42" branch="false" />
                <line number="72" hits="42" branch="false" />
                <line number="73" hits="42" branch="false" />
                <line number="74" hits="42" branch="false" />
                <line number="75" hits="42" branch="false" />
              </lines>
            </method>
            <method name=".ctor" signature="(...)" line-rate="1" branch-rate="1" complexity="1">
              <lines>
                <line number="83" hits="21" branch="false" />
                <line number="84" hits="21" branch="false" />
                <line number="86" hits="21" branch="false" />
                <line number="87" hits="21" branch="false" />
                <line number="88" hits="21" branch="false" />
                <line number="89" hits="21" branch="false" />
                <line number="90" hits="21" branch="false" />
                <line number="91" hits="21" branch="false" />
                <line number="92" hits="21" branch="false" />
                <line number="93" hits="21" branch="false" />
                <line number="94" hits="21" branch="false" />
              </lines>
            </method>
            <method name=".cctor" signature="()" line-rate="1" branch-rate="1" complexity="1">
              <lines>
                <line number="48" hits="1" branch="false" />
                <line number="49" hits="1" branch="false" />
              </lines>
            </method>
          </methods>
          <lines>
            <line number="20" hits="63" branch="false" />
            <line number="21" hits="63" branch="false" />
            <line number="28" hits="0" branch="false" />
            <line number="29" hits="31" branch="false" />
            <line number="40" hits="15786" branch="false" />
            <line number="41" hits="73" branch="false" />
            <line number="48" hits="1" branch="false" />
            <line number="49" hits="1" branch="false" />
            <line number="66" hits="42" branch="false" />
            <line number="67" hits="42" branch="false" />
            <line number="68" hits="42" branch="false" />
            <line number="69" hits="42" branch="false" />
            <line number="70" hits="42" branch="false" />
            <line number="71" hits="42" branch="false" />
            <line number="72" hits="42" branch="false" />
            <line number="73" hits="42" branch="false" />
            <line number="74" hits="42" branch="false" />
            <line number="75" hits="42" branch="false" />
            <line number="83" hits="21" branch="false" />
            <line number="84" hits="21" branch="false" />
            <line number="86" hits="21" branch="false" />
            <line number="87" hits="21" branch="false" />
            <line number="88" hits="21" branch="false" />
            <line number="89" hits="21" branch="false" />
            <line number="90" hits="21" branch="false" />
            <line number="91" hits="21" branch="false" />
            <line number="92" hits="21" branch="false" />
            <line number="93" hits="21" branch="false" />
            <line number="94" hits="21" branch="false" />
            <line number="102" hits="31528" branch="false" />
            <line number="104" hits="31528" branch="false" />
            <line number="105" hits="31528" branch="false" />
            <line number="106" hits="31528" branch="false" />
            <line number="107" hits="31528" branch="false" />
            <line number="108" hits="31528" branch="false" />
            <line number="109" hits="31528" branch="false" />
            <line number="118" hits="15754" branch="false" />
            <line number="119" hits="15754" branch="false" />
            <line number="120" hits="15754" branch="false" />
            <line number="121" hits="15754" branch="false" />
            <line number="122" hits="15754" branch="false" />
            <line number="123" hits="15754" branch="false" />
          </lines>
        </class>
      </classes>
    </package>
    <package name="NetworkTestHelper" line-rate="1" branch-rate="1" complexity="6">
      <classes>
        <class name="NetworkUtil.NetworkTestHelper" filename="C:\Users\isaac\source\repos\uofu-cs3500-fall23\game-insert_name_here_game\PS7\NetworkTestHelper\NetworkTestHelper.cs" line-rate="1" branch-rate="1" complexity="6">
          <methods>
            <method name="WaitForOrTimeout" signature="(...)" line-rate="1" branch-rate="1" complexity="4">
              <lines>
                <line number="22" hits="47" branch="false" />
                <line number="23" hits="47" branch="false" />
                <line number="24" hits="1407" branch="true" condition-coverage="100% (4/4)" />
                <line number="25" hits="1360" branch="false" />
                <line number="26" hits="1360" branch="false" />
                <line number="28" hits="1360" branch="false" />
                <line number="29" hits="1360" branch="false" />
                <line number="30" hits="47" branch="false" />
              </lines>
            </method>
            <method name="SetupSingleConnectionTest" signature="(...)" line-rate="1" branch-rate="1" complexity="2">
              <lines>
                <line number="34" hits="19" branch="false" />
                <line number="35" hits="19" branch="false" />
                <line number="36" hits="19" branch="false" />
                <line number="48" hits="19" branch="false" />
                <line number="49" hits="19" branch="false" />
                <line number="51" hits="54" branch="true" condition-coverage="100% (2/2)" />
                <line number="52" hits="19" branch="false" />
                <line number="53" hits="19" branch="false" />
                <line number="54" hits="19" branch="false" />
              </lines>
            </method>
          </methods>
          <lines>
            <line number="22" hits="47" branch="false" />
            <line number="23" hits="47" branch="false" />
            <line number="24" hits="1407" branch="true" condition-coverage="100% (4/4)" />
            <line number="25" hits="1360" branch="false" />
            <line number="26" hits="1360" branch="false" />
            <line number="28" hits="1360" branch="false" />
            <line number="29" hits="1360" branch="false" />
            <line number="30" hits="47" branch="false" />
            <line number="34" hits="19" branch="false" />
            <line number="35" hits="19" branch="false" />
            <line number="36" hits="19" branch="false" />
            <line number="48" hits="19" branch="false" />
            <line number="49" hits="19" branch="false" />
            <line number="51" hits="54" branch="true" condition-coverage="100% (2/2)" />
            <line number="52" hits="19" branch="false" />
            <line number="53" hits="19" branch="false" />
            <line number="54" hits="19" branch="false" />
          </lines>
        </class>
      </classes>
    </package>
    <package name="NetworkTests" line-rate="0.991341991341991" branch-rate="0.826086956521739" complexity="49">
      <classes>
        <class name="AutoGeneratedProgram" filename="C:\Users\isaac\.nuget\packages\microsoft.net.test.sdk\17.6.0\build\netcoreapp3.1\Microsoft.NET.Test.Sdk.Program.cs" line-rate="0" branch-rate="1" complexity="1">
          <methods>
            <method name="Main" signature="(...)" line-rate="0" branch-rate="1" complexity="1">
              <lines>
                <line number="4" hits="0" branch="false" />
              </lines>
            </method>
          </methods>
          <lines>
            <line number="4" hits="0" branch="false" />
          </lines>
        </class>
        <class name="NetworkUtil.NetworkTests" filename="C:\Users\isaac\source\repos\uofu-cs3500-fall23\game-insert_name_here_game\PS7\NetworkTests\NetworkTests.cs" line-rate="0.995652173913044" branch-rate="0.826086956521739" complexity="48">
          <methods>
            <method name="Init" signature="()" line-rate="1" branch-rate="1" complexity="1">
              <lines>
                <line number="21" hits="22" branch="false" />
                <line number="22" hits="22" branch="false" />
                <line number="23" hits="22" branch="false" />
                <line number="24" hits="22" branch="false" />
                <line number="25" hits="22" branch="false" />
              </lines>
            </method>
            <method name="Cleanup" signature="()" line-rate="1" branch-rate="1" complexity="1">
              <lines>
                <line number="30" hits="22" branch="false" />
                <line number="31" hits="22" branch="false" />
                <line number="32" hits="22" branch="false" />
              </lines>
            </method>
            <method name="StopTestServer" signature="(...)" line-rate="1" branch-rate="0.777777777777778" complexity="18">
              <lines>
                <line number="36" hits="22" branch="false" />
                <line number="38" hits="22" branch="false" />
                <line number="40" hits="22" branch="true" condition-coverage="100% (2/2)" />
                <line number="41" hits="22" branch="true" condition-coverage="75% (3/4)" />
                <line number="42" hits="20" branch="true" condition-coverage="75% (3/4)" />
                <line number="43" hits="20" branch="true" condition-coverage="75% (3/4)" />
                <line number="44" hits="20" branch="true" condition-coverage="75% (3/4)" />
                <line number="45" hits="20" branch="false" />
                <line number="49" hits="6" branch="false" />
                <line number="50" hits="22" branch="false" />
              </lines>
            </method>
            <method name="SetupTestConnections" signature="(...)" line-rate="1" branch-rate="1" complexity="2">
              <lines>
                <line number="56" hits="18" branch="false" />
                <line number="58" hits="18" branch="true" condition-coverage="100% (2/2)" />
                <line number="59" hits="9" branch="false" />
                <line number="60" hits="9" branch="false" />
                <line number="61" hits="9" branch="false" />
                <line number="62" hits="9" branch="false" />
                <line number="63" hits="9" branch="false" />
                <line number="64" hits="9" branch="false" />
                <line number="66" hits="9" branch="false" />
                <line number="67" hits="9" branch="false" />
                <line number="68" hits="9" branch="false" />
                <line number="69" hits="9" branch="false" />
                <line number="70" hits="9" branch="false" />
                <line number="71" hits="9" branch="false" />
                <line number="73" hits="18" branch="false" />
                <line number="74" hits="18" branch="false" />
                <line number="75" hits="18" branch="false" />
                <line number="76" hits="18" branch="false" />
                <line number="77" hits="18" branch="false" />
              </lines>
            </method>
            <method name="TestConnect" signature="()" line-rate="1" branch-rate="0.5" complexity="2">
              <lines>
                <line number="83" hits="1" branch="false" />
                <line number="84" hits="1" branch="false" />
                <line number="85" hits="1" branch="false" />
                <line number="86" hits="1" branch="false" />
                <line number="88" hits="1" branch="false" />
                <line number="89" hits="1" branch="false" />
                <line number="91" hits="1" branch="true" condition-coverage="50% (1/2)" />
                <line number="92" hits="1" branch="false" />
              </lines>
            </method>
            <method name="TestConnectNoServer" signature="()" line-rate="1" branch-rate="0.5" complexity="2">
              <lines>
                <line number="97" hits="1" branch="false" />
                <line number="98" hits="1" branch="false" />
                <line number="101" hits="1" branch="false" />
                <line number="102" hits="1" branch="false" />
                <line number="103" hits="1" branch="false" />
                <line number="104" hits="1" branch="false" />
                <line number="107" hits="1" branch="false" />
                <line number="108" hits="3" branch="false" />
                <line number="110" hits="1" branch="false" />
                <line number="111" hits="1" branch="true" condition-coverage="50% (1/2)" />
                <line number="112" hits="1" branch="false" />
              </lines>
            </method>
            <method name="TestConnectTimeout" signature="()" line-rate="1" branch-rate="0.5" complexity="2">
              <lines>
                <line number="117" hits="1" branch="false" />
                <line number="118" hits="1" branch="false" />
                <line number="121" hits="2" branch="false" />
                <line number="122" hits="2" branch="false" />
                <line number="123" hits="2" branch="false" />
                <line number="124" hits="2" branch="false" />
                <line number="126" hits="1" branch="false" />
                <line number="129" hits="2" branch="false" />
                <line number="131" hits="1" branch="false" />
                <line number="132" hits="1" branch="true" condition-coverage="50% (1/2)" />
                <line number="133" hits="1" branch="false" />
              </lines>
            </method>
            <method name="TestConnectCallsDelegate" signature="()" line-rate="1" branch-rate="1" complexity="1">
              <lines>
                <line number="138" hits="1" branch="false" />
                <line number="139" hits="1" branch="false" />
                <line number="140" hits="1" branch="false" />
                <line number="143" hits="2" branch="false" />
                <line number="144" hits="2" branch="false" />
                <line number="145" hits="2" branch="false" />
                <line number="146" hits="2" branch="false" />
                <line number="149" hits="1" branch="false" />
                <line number="150" hits="1" branch="false" />
                <line number="151" hits="1" branch="false" />
                <line number="152" hits="1" branch="false" />
                <line number="154" hits="1" branch="false" />
                <line number="155" hits="1" branch="false" />
                <line number="156" hits="3" branch="false" />
                <line number="157" hits="2" branch="false" />
                <line number="159" hits="1" branch="false" />
                <line number="160" hits="1" branch="false" />
                <line number="161" hits="1" branch="false" />
              </lines>
            </method>
            <method name="TestDisconnectLocalThenSend" signature="(...)" line-rate="1" branch-rate="1" complexity="1">
              <lines>
                <line number="178" hits="2" branch="false" />
                <line number="179" hits="2" branch="false" />
                <line number="181" hits="2" branch="false" />
                <line number="184" hits="2" branch="false" />
                <line number="185" hits="2" branch="false" />
              </lines>
            </method>
            <method name="TestSendTinyMessage" signature="(...)" line-rate="1" branch-rate="1" complexity="1">
              <lines>
                <line number="200" hits="2" branch="false" />
                <line number="201" hits="2" branch="false" />
                <line number="204" hits="2" branch="false" />
                <line number="205" hits="6" branch="false" />
                <line number="207" hits="2" branch="false" />
                <line number="209" hits="2" branch="false" />
                <line number="214" hits="4" branch="false" />
                <line number="216" hits="2" branch="false" />
                <line number="217" hits="2" branch="false" />
              </lines>
            </method>
            <method name="TestNoEventLoop" signature="(...)" line-rate="1" branch-rate="1" complexity="1">
              <lines>
                <line number="224" hits="2" branch="false" />
                <line number="225" hits="2" branch="false" />
                <line number="227" hits="2" branch="false" />
                <line number="231" hits="4" branch="false" />
                <line number="233" hits="2" branch="false" />
                <line number="234" hits="2" branch="false" />
                <line number="238" hits="4" branch="false" />
                <line number="241" hits="2" branch="false" />
                <line number="242" hits="672" branch="false" />
                <line number="244" hits="2" branch="false" />
                <line number="245" hits="2" branch="false" />
              </lines>
            </method>
            <method name="TestDelayedSends" signature="(...)" line-rate="1" branch-rate="1" complexity="1">
              <lines>
                <line number="252" hits="2" branch="false" />
                <line number="253" hits="2" branch="false" />
                <line number="256" hits="2" branch="false" />
                <line number="257" hits="10" branch="false" />
                <line number="259" hits="2" branch="false" />
                <line number="260" hits="2" branch="false" />
                <line number="264" hits="4" branch="false" />
                <line number="266" hits="2" branch="false" />
                <line number="267" hits="2" branch="false" />
                <line number="271" hits="4" branch="false" />
                <line number="273" hits="2" branch="false" />
                <line number="274" hits="2" branch="false" />
              </lines>
            </method>
            <method name="TestEventLoop" signature="(...)" line-rate="1" branch-rate="1" complexity="2">
              <lines>
                <line number="281" hits="2" branch="false" />
                <line number="282" hits="2" branch="false" />
                <line number="284" hits="2" branch="false" />
                <line number="287" hits="2" branch="false" />
                <line number="288" hits="6" branch="false" />
                <line number="289" hits="6" branch="true" condition-coverage="100% (2/2)" />
                <line number="290" hits="2" branch="false" />
                <line number="291" hits="4" branch="false" />
                <line number="292" hits="4" branch="false" />
                <line number="293" hits="8" branch="false" />
                <line number="295" hits="2" branch="false" />
                <line number="296" hits="2" branch="false" />
                <line number="297" hits="4" branch="false" />
                <line number="299" hits="2" branch="false" />
                <line number="300" hits="6" branch="false" />
                <line number="302" hits="2" branch="false" />
                <line number="303" hits="2" branch="false" />
              </lines>
            </method>
            <method name="TestChangeOnNetworkAction" signature="(...)" line-rate="0.956521739130435" branch-rate="1" complexity="1">
              <lines>
                <line number="310" hits="2" branch="false" />
                <line number="311" hits="2" branch="false" />
                <line number="313" hits="2" branch="false" />
                <line number="314" hits="2" branch="false" />
                <line number="318" hits="2" branch="false" />
                <line number="319" hits="2" branch="true" condition-coverage="100% (2/2)" />
                <line number="320" hits="0" branch="false" />
                <line number="321" hits="2" branch="false" />
                <line number="322" hits="2" branch="false" />
                <line number="323" hits="2" branch="false" />
                <line number="324" hits="2" branch="false" />
                <line number="327" hits="2" branch="false" />
                <line number="328" hits="2" branch="false" />
                <line number="329" hits="2" branch="false" />
                <line number="332" hits="2" branch="false" />
                <line number="334" hits="2" branch="false" />
                <line number="335" hits="2" branch="false" />
                <line number="336" hits="4" branch="false" />
                <line number="338" hits="2" branch="false" />
                <line number="339" hits="6" branch="false" />
                <line number="341" hits="2" branch="false" />
                <line number="342" hits="2" branch="false" />
                <line number="343" hits="2" branch="false" />
              </lines>
            </method>
            <method name="TestReceiveRemovesAll" signature="(...)" line-rate="1" branch-rate="0.875" complexity="6">
              <lines>
                <line number="350" hits="2" branch="false" />
                <line number="351" hits="2" branch="false" />
                <line number="353" hits="2" branch="false" />
                <line number="356" hits="14459" branch="false" />
                <line number="357" hits="14459" branch="true" condition-coverage="100% (2/2)" />
                <line number="358" hits="2" branch="false" />
                <line number="359" hits="14457" branch="false" />
                <line number="360" hits="14457" branch="false" />
                <line number="361" hits="14457" branch="false" />
                <line number="362" hits="14459" branch="false" />
                <line number="364" hits="2" branch="false" />
                <line number="367" hits="2" branch="false" />
                <line number="369" hits="40004" branch="true" condition-coverage="100% (2/2)" />
                <line number="370" hits="20000" branch="false" />
                <line number="371" hits="20000" branch="false" />
                <line number="372" hits="20000" branch="true" condition-coverage="50% (1/2)" />
                <line number="373" hits="20000" branch="false" />
                <line number="375" hits="4" branch="false" />
                <line number="379" hits="2" branch="false" />
                <line number="380" hits="40004" branch="true" condition-coverage="100% (2/2)" />
                <line number="381" hits="20000" branch="false" />
                <line number="382" hits="20000" branch="false" />
                <line number="383" hits="20000" branch="false" />
                <line number="384" hits="20000" branch="false" />
                <line number="386" hits="2" branch="false" />
                <line number="387" hits="2" branch="false" />
              </lines>
            </method>
            <method name="TestReceiveRemovesPartial" signature="(...)" line-rate="1" branch-rate="1" complexity="4">
              <lines>
                <line number="394" hits="2" branch="false" />
                <line number="395" hits="2" branch="false" />
                <line number="400" hits="2" branch="false" />
                <line number="402" hits="2" branch="false" />
                <line number="405" hits="1299" branch="false" />
                <line number="406" hits="1299" branch="true" condition-coverage="100% (2/2)" />
                <line number="407" hits="2" branch="false" />
                <line number="408" hits="1297" branch="false" />
                <line number="409" hits="1297" branch="false" />
                <line number="410" hits="1297" branch="false" />
                <line number="411" hits="1297" branch="false" />
                <line number="412" hits="1299" branch="false" />
                <line number="414" hits="2" branch="false" />
                <line number="417" hits="2" branch="false" />
                <line number="419" hits="4004" branch="true" condition-coverage="100% (2/2)" />
                <line number="420" hits="2000" branch="false" />
                <line number="421" hits="2000" branch="false" />
                <line number="422" hits="2000" branch="false" />
                <line number="425" hits="672" branch="false" />
                <line number="427" hits="2" branch="false" />
                <line number="431" hits="2" branch="false" />
                <line number="432" hits="4004" branch="true" condition-coverage="100% (2/2)" />
                <line number="433" hits="2000" branch="false" />
                <line number="434" hits="2000" branch="false" />
                <line number="435" hits="2000" branch="false" />
                <line number="437" hits="2" branch="false" />
                <line number="438" hits="2" branch="false" />
              </lines>
            </method>
            <method name="TestReceiveHugeMessage" signature="(...)" line-rate="1" branch-rate="1" complexity="2">
              <lines>
                <line number="445" hits="2" branch="false" />
                <line number="446" hits="2" branch="false" />
                <line number="448" hits="2" branch="false" />
                <line number="449" hits="18" branch="false" />
                <line number="450" hits="18" branch="true" condition-coverage="100% (2/2)" />
                <line number="451" hits="2" branch="false" />
                <line number="452" hits="16" branch="false" />
                <line number="453" hits="20" branch="false" />
                <line number="455" hits="2" branch="false" />
                <line number="457" hits="2" branch="false" />
                <line number="458" hits="2" branch="false" />
                <line number="460" hits="2" branch="false" />
                <line number="462" hits="6" branch="false" />
                <line number="464" hits="2" branch="false" />
                <line number="465" hits="2" branch="false" />
              </lines>
            </method>
          </methods>
          <lines>
            <line number="21" hits="22" branch="false" />
            <line number="22" hits="22" branch="false" />
            <line number="23" hits="22" branch="false" />
            <line number="24" hits="22" branch="false" />
            <line number="25" hits="22" branch="false" />
            <line number="30" hits="22" branch="false" />
            <line number="31" hits="22" branch="false" />
            <line number="32" hits="22" branch="false" />
            <line number="36" hits="22" branch="false" />
            <line number="38" hits="22" branch="false" />
            <line number="40" hits="22" branch="true" condition-coverage="100% (2/2)" />
            <line number="41" hits="22" branch="true" condition-coverage="75% (3/4)" />
            <line number="42" hits="20" branch="true" condition-coverage="75% (3/4)" />
            <line number="43" hits="20" branch="true" condition-coverage="75% (3/4)" />
            <line number="44" hits="20" branch="true" condition-coverage="75% (3/4)" />
            <line number="45" hits="20" branch="false" />
            <line number="49" hits="6" branch="false" />
            <line number="50" hits="22" branch="false" />
            <line number="56" hits="18" branch="false" />
            <line number="58" hits="18" branch="true" condition-coverage="100% (2/2)" />
            <line number="59" hits="9" branch="false" />
            <line number="60" hits="9" branch="false" />
            <line number="61" hits="9" branch="false" />
            <line number="62" hits="9" branch="false" />
            <line number="63" hits="9" branch="false" />
            <line number="64" hits="9" branch="false" />
            <line number="66" hits="9" branch="false" />
            <line number="67" hits="9" branch="false" />
            <line number="68" hits="9" branch="false" />
            <line number="69" hits="9" branch="false" />
            <line number="70" hits="9" branch="false" />
            <line number="71" hits="9" branch="false" />
            <line number="73" hits="18" branch="false" />
            <line number="74" hits="18" branch="false" />
            <line number="75" hits="18" branch="false" />
            <line number="76" hits="18" branch="false" />
            <line number="77" hits="18" branch="false" />
            <line number="83" hits="1" branch="false" />
            <line number="84" hits="1" branch="false" />
            <line number="85" hits="1" branch="false" />
            <line number="86" hits="1" branch="false" />
            <line number="88" hits="1" branch="false" />
            <line number="89" hits="1" branch="false" />
            <line number="91" hits="1" branch="true" condition-coverage="50% (1/2)" />
            <line number="92" hits="1" branch="false" />
            <line number="97" hits="1" branch="false" />
            <line number="98" hits="1" branch="false" />
            <line number="101" hits="1" branch="false" />
            <line number="102" hits="1" branch="false" />
            <line number="103" hits="1" branch="false" />
            <line number="104" hits="1" branch="false" />
            <line number="107" hits="1" branch="false" />
            <line number="108" hits="3" branch="false" />
            <line number="110" hits="1" branch="false" />
            <line number="111" hits="1" branch="true" condition-coverage="50% (1/2)" />
            <line number="112" hits="1" branch="false" />
            <line number="117" hits="1" branch="false" />
            <line number="118" hits="1" branch="false" />
            <line number="121" hits="2" branch="false" />
            <line number="122" hits="2" branch="false" />
            <line number="123" hits="2" branch="false" />
            <line number="124" hits="2" branch="false" />
            <line number="126" hits="1" branch="false" />
            <line number="129" hits="2" branch="false" />
            <line number="131" hits="1" branch="false" />
            <line number="132" hits="1" branch="true" condition-coverage="50% (1/2)" />
            <line number="133" hits="1" branch="false" />
            <line number="138" hits="1" branch="false" />
            <line number="139" hits="1" branch="false" />
            <line number="140" hits="1" branch="false" />
            <line number="143" hits="2" branch="false" />
            <line number="144" hits="2" branch="false" />
            <line number="145" hits="2" branch="false" />
            <line number="146" hits="2" branch="false" />
            <line number="149" hits="1" branch="false" />
            <line number="150" hits="1" branch="false" />
            <line number="151" hits="1" branch="false" />
            <line number="152" hits="1" branch="false" />
            <line number="154" hits="1" branch="false" />
            <line number="155" hits="1" branch="false" />
            <line number="156" hits="3" branch="false" />
            <line number="157" hits="2" branch="false" />
            <line number="159" hits="1" branch="false" />
            <line number="160" hits="1" branch="false" />
            <line number="161" hits="1" branch="false" />
            <line number="178" hits="2" branch="false" />
            <line number="179" hits="2" branch="false" />
            <line number="181" hits="2" branch="false" />
            <line number="184" hits="2" branch="false" />
            <line number="185" hits="2" branch="false" />
            <line number="200" hits="2" branch="false" />
            <line number="201" hits="2" branch="false" />
            <line number="204" hits="2" branch="false" />
            <line number="205" hits="6" branch="false" />
            <line number="207" hits="2" branch="false" />
            <line number="209" hits="2" branch="false" />
            <line number="214" hits="4" branch="false" />
            <line number="216" hits="2" branch="false" />
            <line number="217" hits="2" branch="false" />
            <line number="224" hits="2" branch="false" />
            <line number="225" hits="2" branch="false" />
            <line number="227" hits="2" branch="false" />
            <line number="231" hits="4" branch="false" />
            <line number="233" hits="2" branch="false" />
            <line number="234" hits="2" branch="false" />
            <line number="238" hits="4" branch="false" />
            <line number="241" hits="2" branch="false" />
            <line number="242" hits="672" branch="false" />
            <line number="244" hits="2" branch="false" />
            <line number="245" hits="2" branch="false" />
            <line number="252" hits="2" branch="false" />
            <line number="253" hits="2" branch="false" />
            <line number="256" hits="2" branch="false" />
            <line number="257" hits="10" branch="false" />
            <line number="259" hits="2" branch="false" />
            <line number="260" hits="2" branch="false" />
            <line number="264" hits="4" branch="false" />
            <line number="266" hits="2" branch="false" />
            <line number="267" hits="2" branch="false" />
            <line number="271" hits="4" branch="false" />
            <line number="273" hits="2" branch="false" />
            <line number="274" hits="2" branch="false" />
            <line number="281" hits="2" branch="false" />
            <line number="282" hits="2" branch="false" />
            <line number="284" hits="2" branch="false" />
            <line number="287" hits="2" branch="false" />
            <line number="288" hits="6" branch="false" />
            <line number="289" hits="6" branch="true" condition-coverage="100% (2/2)" />
            <line number="290" hits="2" branch="false" />
            <line number="291" hits="4" branch="false" />
            <line number="292" hits="4" branch="false" />
            <line number="293" hits="8" branch="false" />
            <line number="295" hits="2" branch="false" />
            <line number="296" hits="2" branch="false" />
            <line number="297" hits="4" branch="false" />
            <line number="299" hits="2" branch="false" />
            <line number="300" hits="6" branch="false" />
            <line number="302" hits="2" branch="false" />
            <line number="303" hits="2" branch="false" />
            <line number="310" hits="2" branch="false" />
            <line number="311" hits="2" branch="false" />
            <line number="313" hits="2" branch="false" />
            <line number="314" hits="2" branch="false" />
            <line number="318" hits="2" branch="false" />
            <line number="319" hits="2" branch="true" condition-coverage="100% (2/2)" />
            <line number="320" hits="0" branch="false" />
            <line number="321" hits="2" branch="false" />
            <line number="322" hits="2" branch="false" />
            <line number="323" hits="2" branch="false" />
            <line number="324" hits="2" branch="false" />
            <line number="327" hits="2" branch="false" />
            <line number="328" hits="2" branch="false" />
            <line number="329" hits="2" branch="false" />
            <line number="332" hits="2" branch="false" />
            <line number="334" hits="2" branch="false" />
            <line number="335" hits="2" branch="false" />
            <line number="336" hits="4" branch="false" />
            <line number="338" hits="2" branch="false" />
            <line number="339" hits="6" branch="false" />
            <line number="341" hits="2" branch="false" />
            <line number="342" hits="2" branch="false" />
            <line number="343" hits="2" branch="false" />
            <line number="350" hits="2" branch="false" />
            <line number="351" hits="2" branch="false" />
            <line number="353" hits="2" branch="false" />
            <line number="356" hits="14459" branch="false" />
            <line number="357" hits="14459" branch="true" condition-coverage="100% (2/2)" />
            <line number="358" hits="2" branch="false" />
            <line number="359" hits="14457" branch="false" />
            <line number="360" hits="14457" branch="false" />
            <line number="361" hits="14457" branch="false" />
            <line number="362" hits="14459" branch="false" />
            <line number="364" hits="2" branch="false" />
            <line number="367" hits="2" branch="false" />
            <line number="369" hits="40004" branch="true" condition-coverage="100% (2/2)" />
            <line number="370" hits="20000" branch="false" />
            <line number="371" hits="20000" branch="false" />
            <line number="372" hits="20000" branch="true" condition-coverage="50% (1/2)" />
            <line number="373" hits="20000" branch="false" />
            <line number="375" hits="4" branch="false" />
            <line number="379" hits="2" branch="false" />
            <line number="380" hits="40004" branch="true" condition-coverage="100% (2/2)" />
            <line number="381" hits="20000" branch="false" />
            <line number="382" hits="20000" branch="false" />
            <line number="383" hits="20000" branch="false" />
            <line number="384" hits="20000" branch="false" />
            <line number="386" hits="2" branch="false" />
            <line number="387" hits="2" branch="false" />
            <line number="394" hits="2" branch="false" />
            <line number="395" hits="2" branch="false" />
            <line number="400" hits="2" branch="false" />
            <line number="402" hits="2" branch="false" />
            <line number="405" hits="1299" branch="false" />
            <line number="406" hits="1299" branch="true" condition-coverage="100% (2/2)" />
            <line number="407" hits="2" branch="false" />
            <line number="408" hits="1297" branch="false" />
            <line number="409" hits="1297" branch="false" />
            <line number="410" hits="1297" branch="false" />
            <line number="411" hits="1297" branch="false" />
            <line number="412" hits="1299" branch="false" />
            <line number="414" hits="2" branch="false" />
            <line number="417" hits="2" branch="false" />
            <line number="419" hits="4004" branch="true" condition-coverage="100% (2/2)" />
            <line number="420" hits="2000" branch="false" />
            <line number="421" hits="2000" branch="false" />
            <line number="422" hits="2000" branch="false" />
            <line number="425" hits="672" branch="false" />
            <line number="427" hits="2" branch="false" />
            <line number="431" hits="2" branch="false" />
            <line number="432" hits="4004" branch="true" condition-coverage="100% (2/2)" />
            <line number="433" hits="2000" branch="false" />
            <line number="434" hits="2000" branch="false" />
            <line number="435" hits="2000" branch="false" />
            <line number="437" hits="2" branch="false" />
            <line number="438" hits="2" branch="false" />
            <line number="445" hits="2" branch="false" />
            <line number="446" hits="2" branch="false" />
            <line number="448" hits="2" branch="false" />
            <line number="449" hits="18" branch="false" />
            <line number="450" hits="18" branch="true" condition-coverage="100% (2/2)" />
            <line number="451" hits="2" branch="false" />
            <line number="452" hits="16" branch="false" />
            <line number="453" hits="20" branch="false" />
            <line number="455" hits="2" branch="false" />
            <line number="457" hits="2" branch="false" />
            <line number="458" hits="2" branch="false" />
            <line number="460" hits="2" branch="false" />
            <line number="462" hits="6" branch="false" />
            <line number="464" hits="2" branch="false" />
            <line number="465" hits="2" branch="false" />
          </lines>
        </class>
      </classes>
    </package>
  </packages>
</coverage>