<?xml version="1.0" encoding="utf-8"?>
<coverage line-rate="0.8948" branch-rate="0.8157" version="1.9" timestamp="1699566002" lines-covered="383" lines-valid="428" branches-covered="62" branches-valid="76">
  <sources>
    <source>C:\Users\isaac\</source>
  </sources>
  <packages>
    <package name="NetworkController" line-rate="0.7611" branch-rate="0.75" complexity="38">
      <classes>
        <class name="NetworkUtil.Networking" filename="source\repos\uofu-cs3500-fall23\game-insert_name_here_game\PS7\NetworkController\Networking.cs" line-rate="0.6956" branch-rate="0.75" complexity="29">
          <methods>
            <method name="StartServer" signature="(System.Action`1&lt;NetworkUtil.SocketState&gt;,System.Int32)" line-rate="1" branch-rate="1" complexity="2">
              <lines>
                <line number="21" hits="20" branch="False" />
                <line number="22" hits="20" branch="False" />
                <line number="23" hits="20" branch="False" />
                <line number="24" hits="20" branch="False" />
                <line number="25" hits="20" branch="True" condition-coverage="100% (2/2)">
                  <conditions>
                    <condition number="35" type="jump" coverage="100%" />
                  </conditions>
                </line>
                <line number="27" hits="20" branch="False" />
                <line number="28" hits="20" branch="False" />
              </lines>
            </method>
            <method name="AcceptNewClient" signature="(System.IAsyncResult)" line-rate="1" branch-rate="0.5" complexity="2">
              <lines>
                <line number="49" hits="40" branch="False" />
                <line number="50" hits="40" branch="False" />
                <line number="51" hits="40" branch="False" />
                <line number="52" hits="40" branch="False" />
                <line number="55" hits="40" branch="False" />
                <line number="56" hits="40" branch="False" />
                <line number="57" hits="20" branch="False" />
                <line number="58" hits="20" branch="False" />
                <line number="59" hits="20" branch="True" condition-coverage="50% (1/2)">
                  <conditions>
                    <condition number="61" type="jump" coverage="50%" />
                  </conditions>
                </line>
                <line number="60" hits="20" branch="False" />
                <line number="61" hits="20" branch="False" />
                <line number="62" hits="20" branch="False" />
                <line number="63" hits="20" branch="False" />
                <line number="64" hits="20" branch="False" />
                <line number="65" hits="40" branch="False" />
              </lines>
            </method>
            <method name="StopServer" signature="(System.Net.Sockets.TcpListener)" line-rate="0" branch-rate="1" complexity="1">
              <lines>
                <line number="71" hits="0" branch="False" />
                <line number="72" hits="0" branch="False" />
                <line number="73" hits="0" branch="False" />
              </lines>
            </method>
            <method name="ConnectToServer" signature="(System.Action`1&lt;NetworkUtil.SocketState&gt;,System.String,System.Int32)" line-rate="0.6829000000000001" branch-rate="0.9" complexity="10">
              <lines>
                <line number="96" hits="22" branch="False" />
                <line number="99" hits="22" branch="False" />
                <line number="103" hits="22" branch="False" />
                <line number="104" hits="22" branch="False" />
                <line number="105" hits="22" branch="False" />
                <line number="106" hits="130" branch="True" condition-coverage="100% (2/2)">
                  <conditions>
                    <condition number="78" type="jump" coverage="100%" />
                  </conditions>
                </line>
                <line number="107" hits="43" branch="True" condition-coverage="100% (2/2)">
                  <conditions>
                    <condition number="56" type="jump" coverage="100%" />
                  </conditions>
                </line>
                <line number="108" hits="22" branch="False" />
                <line number="109" hits="22" branch="False" />
                <line number="110" hits="22" branch="False" />
                <line number="111" hits="22" branch="False" />
                <line number="114" hits="22" branch="True" condition-coverage="50% (1/2)">
                  <conditions>
                    <condition number="88" type="jump" coverage="50%" />
                  </conditions>
                </line>
                <line number="115" hits="0" branch="False" />
                <line number="116" hits="0" branch="False" />
                <line number="117" hits="0" branch="False" />
                <line number="118" hits="22" branch="False" />
                <line number="119" hits="0" branch="False" />
                <line number="120" hits="0" branch="False" />
                <line number="123" hits="0" branch="False" />
                <line number="124" hits="0" branch="False" />
                <line number="125" hits="0" branch="False" />
                <line number="126" hits="0" branch="False" />
                <line number="127" hits="0" branch="False" />
                <line number="128" hits="0" branch="False" />
                <line number="129" hits="0" branch="False" />
                <line number="130" hits="0" branch="False" />
                <line number="133" hits="22" branch="False" />
                <line number="138" hits="22" branch="False" />
                <line number="141" hits="22" branch="False" />
                <line number="142" hits="22" branch="False" />
                <line number="143" hits="22" branch="True" condition-coverage="100% (2/2)">
                  <conditions>
                    <condition number="199" type="jump" coverage="100%" />
                  </conditions>
                </line>
                <line number="144" hits="22" branch="False" />
                <line number="145" hits="22" branch="True" condition-coverage="100% (2/2)">
                  <conditions>
                    <condition number="257" type="jump" coverage="100%" />
                  </conditions>
                </line>
                <line number="146" hits="1" branch="False" />
                <line number="147" hits="1" branch="False" />
                <line number="149" hits="21" branch="False" />
                <line number="150" hits="1" branch="False" />
                <line number="151" hits="1" branch="False" />
                <line number="152" hits="1" branch="False" />
                <line number="153" hits="1" branch="False" />
                <line number="154" hits="22" branch="False" />
              </lines>
            </method>
            <method name="ConnectedCallback" signature="(System.IAsyncResult)" line-rate="1" branch-rate="1" complexity="1">
              <lines>
                <line number="170" hits="22" branch="False" />
                <line number="171" hits="22" branch="False" />
                <line number="172" hits="22" branch="False" />
                <line number="175" hits="22" branch="False" />
                <line number="176" hits="22" branch="False" />
                <line number="177" hits="20" branch="False" />
                <line number="178" hits="20" branch="False" />
                <line number="179" hits="2" branch="False" />
                <line number="180" hits="2" branch="False" />
                <line number="181" hits="2" branch="False" />
                <line number="182" hits="2" branch="False" />
                <line number="183" hits="2" branch="False" />
                <line number="184" hits="2" branch="False" />
                <line number="185" hits="22" branch="False" />
              </lines>
            </method>
            <method name="GetData" signature="(NetworkUtil.SocketState)" line-rate="0.4545" branch-rate="1" complexity="2">
              <lines>
                <line number="204" hits="15794" branch="False" />
                <line number="206" hits="15794" branch="False" />
                <line number="207" hits="15794" branch="True" condition-coverage="100% (2/2)">
                  <conditions>
                    <condition number="30" type="jump" coverage="100%" />
                  </conditions>
                </line>
                <line number="208" hits="15794" branch="False" />
                <line number="209" hits="0" branch="False" />
                <line number="210" hits="0" branch="False" />
                <line number="212" hits="0" branch="False" />
                <line number="213" hits="0" branch="False" />
                <line number="214" hits="0" branch="False" />
                <line number="215" hits="0" branch="False" />
                <line number="216" hits="15794" branch="False" />
              </lines>
            </method>
            <method name="ReceiveCallback" signature="(System.IAsyncResult)" line-rate="1" branch-rate="1" complexity="1">
              <lines>
                <line number="236" hits="15794" branch="False" />
                <line number="237" hits="15794" branch="False" />
                <line number="238" hits="15794" branch="False" />
                <line number="241" hits="15794" branch="False" />
                <line number="242" hits="15794" branch="False" />
                <line number="243" hits="15786" branch="False" />
                <line number="246" hits="15786" branch="False" />
                <line number="248" hits="15786" branch="False" />
                <line number="249" hits="15786" branch="False" />
                <line number="250" hits="8" branch="False" />
                <line number="251" hits="8" branch="False" />
                <line number="252" hits="8" branch="False" />
                <line number="253" hits="8" branch="False" />
                <line number="254" hits="8" branch="False" />
                <line number="255" hits="8" branch="False" />
                <line number="256" hits="15794" branch="False" />
              </lines>
            </method>
            <method name="Send" signature="(System.Net.Sockets.Socket,System.String)" line-rate="0.6363" branch-rate="1" complexity="4">
              <lines>
                <line number="269" hits="22022" branch="False" />
                <line number="270" hits="22024" branch="True" condition-coverage="100% (2/2)">
                  <conditions>
                    <condition number="12" type="jump" coverage="100%" />
                  </conditions>
                </line>
                <line number="273" hits="22020" branch="False" />
                <line number="274" hits="22020" branch="False" />
                <line number="275" hits="22020" branch="True" condition-coverage="100% (2/2)">
                  <conditions>
                    <condition number="45" type="jump" coverage="100%" />
                  </conditions>
                </line>
                <line number="276" hits="22020" branch="False" />
                <line number="278" hits="0" branch="False" />
                <line number="279" hits="0" branch="False" />
                <line number="280" hits="0" branch="False" />
                <line number="281" hits="0" branch="False" />
                <line number="283" hits="22022" branch="False" />
              </lines>
            </method>
            <method name="SendCallback" signature="(System.IAsyncResult)" line-rate="1" branch-rate="1" complexity="1">
              <lines>
                <line number="297" hits="22020" branch="False" />
                <line number="298" hits="22020" branch="False" />
                <line number="299" hits="22020" branch="False" />
                <line number="301" hits="22020" branch="False" />
              </lines>
            </method>
            <method name="SendAndClose" signature="(System.Net.Sockets.Socket,System.String)" line-rate="0" branch-rate="0" complexity="4">
              <lines>
                <line number="316" hits="0" branch="False" />
                <line number="317" hits="0" branch="True" condition-coverage="0% (0/2)">
                  <conditions>
                    <condition number="12" type="jump" coverage="0%" />
                  </conditions>
                </line>
                <line number="320" hits="0" branch="False" />
                <line number="321" hits="0" branch="False" />
                <line number="322" hits="0" branch="True" condition-coverage="0% (0/2)">
                  <conditions>
                    <condition number="45" type="jump" coverage="0%" />
                  </conditions>
                </line>
                <line number="323" hits="0" branch="False" />
                <line number="325" hits="0" branch="False" />
                <line number="326" hits="0" branch="False" />
                <line number="327" hits="0" branch="False" />
                <line number="328" hits="0" branch="False" />
                <line number="330" hits="0" branch="False" />
              </lines>
            </method>
            <method name="SendAndCloseCallback" signature="(System.IAsyncResult)" line-rate="0" branch-rate="1" complexity="1">
              <lines>
                <line number="346" hits="0" branch="False" />
                <line number="347" hits="0" branch="False" />
                <line number="348" hits="0" branch="False" />
                <line number="349" hits="0" branch="False" />
                <line number="350" hits="0" branch="False" />
              </lines>
            </method>
          </methods>
          <lines>
            <line number="21" hits="20" branch="False" />
            <line number="22" hits="20" branch="False" />
            <line number="23" hits="20" branch="False" />
            <line number="24" hits="20" branch="False" />
            <line number="25" hits="20" branch="True" condition-coverage="100% (2/2)">
              <conditions>
                <condition number="35" type="jump" coverage="100%" />
              </conditions>
            </line>
            <line number="27" hits="20" branch="False" />
            <line number="28" hits="20" branch="False" />
            <line number="49" hits="40" branch="False" />
            <line number="50" hits="40" branch="False" />
            <line number="51" hits="40" branch="False" />
            <line number="52" hits="40" branch="False" />
            <line number="55" hits="40" branch="False" />
            <line number="56" hits="40" branch="False" />
            <line number="57" hits="20" branch="False" />
            <line number="58" hits="20" branch="False" />
            <line number="59" hits="20" branch="True" condition-coverage="50% (1/2)">
              <conditions>
                <condition number="61" type="jump" coverage="50%" />
              </conditions>
            </line>
            <line number="60" hits="20" branch="False" />
            <line number="61" hits="20" branch="False" />
            <line number="62" hits="20" branch="False" />
            <line number="63" hits="20" branch="False" />
            <line number="64" hits="20" branch="False" />
            <line number="65" hits="40" branch="False" />
            <line number="71" hits="0" branch="False" />
            <line number="72" hits="0" branch="False" />
            <line number="73" hits="0" branch="False" />
            <line number="96" hits="22" branch="False" />
            <line number="99" hits="22" branch="False" />
            <line number="103" hits="22" branch="False" />
            <line number="104" hits="22" branch="False" />
            <line number="105" hits="22" branch="False" />
            <line number="106" hits="130" branch="True" condition-coverage="100% (2/2)">
              <conditions>
                <condition number="78" type="jump" coverage="100%" />
              </conditions>
            </line>
            <line number="107" hits="43" branch="True" condition-coverage="100% (2/2)">
              <conditions>
                <condition number="56" type="jump" coverage="100%" />
              </conditions>
            </line>
            <line number="108" hits="22" branch="False" />
            <line number="109" hits="22" branch="False" />
            <line number="110" hits="22" branch="False" />
            <line number="111" hits="22" branch="False" />
            <line number="114" hits="22" branch="True" condition-coverage="50% (1/2)">
              <conditions>
                <condition number="88" type="jump" coverage="50%" />
              </conditions>
            </line>
            <line number="115" hits="0" branch="False" />
            <line number="116" hits="0" branch="False" />
            <line number="117" hits="0" branch="False" />
            <line number="118" hits="22" branch="False" />
            <line number="119" hits="0" branch="False" />
            <line number="120" hits="0" branch="False" />
            <line number="123" hits="0" branch="False" />
            <line number="124" hits="0" branch="False" />
            <line number="125" hits="0" branch="False" />
            <line number="126" hits="0" branch="False" />
            <line number="127" hits="0" branch="False" />
            <line number="128" hits="0" branch="False" />
            <line number="129" hits="0" branch="False" />
            <line number="130" hits="0" branch="False" />
            <line number="133" hits="22" branch="False" />
            <line number="138" hits="22" branch="False" />
            <line number="141" hits="22" branch="False" />
            <line number="142" hits="22" branch="False" />
            <line number="143" hits="22" branch="True" condition-coverage="100% (2/2)">
              <conditions>
                <condition number="199" type="jump" coverage="100%" />
              </conditions>
            </line>
            <line number="144" hits="22" branch="False" />
            <line number="145" hits="22" branch="True" condition-coverage="100% (2/2)">
              <conditions>
                <condition number="257" type="jump" coverage="100%" />
              </conditions>
            </line>
            <line number="146" hits="1" branch="False" />
            <line number="147" hits="1" branch="False" />
            <line number="149" hits="21" branch="False" />
            <line number="150" hits="1" branch="False" />
            <line number="151" hits="1" branch="False" />
            <line number="152" hits="1" branch="False" />
            <line number="153" hits="1" branch="False" />
            <line number="154" hits="22" branch="False" />
            <line number="170" hits="22" branch="False" />
            <line number="171" hits="22" branch="False" />
            <line number="172" hits="22" branch="False" />
            <line number="175" hits="22" branch="False" />
            <line number="176" hits="22" branch="False" />
            <line number="177" hits="20" branch="False" />
            <line number="178" hits="20" branch="False" />
            <line number="179" hits="2" branch="False" />
            <line number="180" hits="2" branch="False" />
            <line number="181" hits="2" branch="False" />
            <line number="182" hits="2" branch="False" />
            <line number="183" hits="2" branch="False" />
            <line number="184" hits="2" branch="False" />
            <line number="185" hits="22" branch="False" />
            <line number="204" hits="15794" branch="False" />
            <line number="206" hits="15794" branch="False" />
            <line number="207" hits="15794" branch="True" condition-coverage="100% (2/2)">
              <conditions>
                <condition number="30" type="jump" coverage="100%" />
              </conditions>
            </line>
            <line number="208" hits="15794" branch="False" />
            <line number="209" hits="0" branch="False" />
            <line number="210" hits="0" branch="False" />
            <line number="212" hits="0" branch="False" />
            <line number="213" hits="0" branch="False" />
            <line number="214" hits="0" branch="False" />
            <line number="215" hits="0" branch="False" />
            <line number="216" hits="15794" branch="False" />
            <line number="236" hits="15794" branch="False" />
            <line number="237" hits="15794" branch="False" />
            <line number="238" hits="15794" branch="False" />
            <line number="241" hits="15794" branch="False" />
            <line number="242" hits="15794" branch="False" />
            <line number="243" hits="15786" branch="False" />
            <line number="246" hits="15786" branch="False" />
            <line number="248" hits="15786" branch="False" />
            <line number="249" hits="15786" branch="False" />
            <line number="250" hits="8" branch="False" />
            <line number="251" hits="8" branch="False" />
            <line number="252" hits="8" branch="False" />
            <line number="253" hits="8" branch="False" />
            <line number="254" hits="8" branch="False" />
            <line number="255" hits="8" branch="False" />
            <line number="256" hits="15794" branch="False" />
            <line number="269" hits="22022" branch="False" />
            <line number="270" hits="22024" branch="True" condition-coverage="100% (2/2)">
              <conditions>
                <condition number="12" type="jump" coverage="100%" />
              </conditions>
            </line>
            <line number="273" hits="22020" branch="False" />
            <line number="274" hits="22020" branch="False" />
            <line number="275" hits="22020" branch="True" condition-coverage="100% (2/2)">
              <conditions>
                <condition number="45" type="jump" coverage="100%" />
              </conditions>
            </line>
            <line number="276" hits="22020" branch="False" />
            <line number="278" hits="0" branch="False" />
            <line number="279" hits="0" branch="False" />
            <line number="280" hits="0" branch="False" />
            <line number="281" hits="0" branch="False" />
            <line number="283" hits="22022" branch="False" />
            <line number="297" hits="22020" branch="False" />
            <line number="298" hits="22020" branch="False" />
            <line number="299" hits="22020" branch="False" />
            <line number="301" hits="22020" branch="False" />
            <line number="316" hits="0" branch="False" />
            <line number="317" hits="0" branch="True" condition-coverage="0% (0/2)">
              <conditions>
                <condition number="12" type="jump" coverage="0%" />
              </conditions>
            </line>
            <line number="320" hits="0" branch="False" />
            <line number="321" hits="0" branch="False" />
            <line number="322" hits="0" branch="True" condition-coverage="0% (0/2)">
              <conditions>
                <condition number="45" type="jump" coverage="0%" />
              </conditions>
            </line>
            <line number="323" hits="0" branch="False" />
            <line number="325" hits="0" branch="False" />
            <line number="326" hits="0" branch="False" />
            <line number="327" hits="0" branch="False" />
            <line number="328" hits="0" branch="False" />
            <line number="330" hits="0" branch="False" />
            <line number="346" hits="0" branch="False" />
            <line number="347" hits="0" branch="False" />
            <line number="348" hits="0" branch="False" />
            <line number="349" hits="0" branch="False" />
            <line number="350" hits="0" branch="False" />
          </lines>
        </class>
        <class name="NetworkUtil.SocketState" filename="source\repos\uofu-cs3500-fall23\game-insert_name_here_game\PS7\NetworkController\SocketState.cs" line-rate="0.9761" branch-rate="1" complexity="9">
          <methods>
            <method name="get_ErrorMessage" signature="()" line-rate="0" branch-rate="1" complexity="1">
              <lines>
                <line number="28" hits="0" branch="False" />
              </lines>
            </method>
            <method name="set_ErrorMessage" signature="(System.String)" line-rate="1" branch-rate="1" complexity="1">
              <lines>
                <line number="29" hits="31" branch="False" />
              </lines>
            </method>
            <method name="get_ErrorOccurred" signature="()" line-rate="1" branch-rate="1" complexity="1">
              <lines>
                <line number="40" hits="15786" branch="False" />
              </lines>
            </method>
            <method name="set_ErrorOccurred" signature="(System.Boolean)" line-rate="1" branch-rate="1" complexity="1">
              <lines>
                <line number="41" hits="73" branch="False" />
              </lines>
            </method>
            <method name="GetData" signature="()" line-rate="1" branch-rate="1" complexity="1">
              <lines>
                <line number="102" hits="31528" branch="False" />
                <line number="104" hits="31528" branch="False" />
                <line number="105" hits="31528" branch="False" />
                <line number="106" hits="31528" branch="False" />
                <line number="107" hits="31528" branch="False" />
                <line number="108" hits="31528" branch="False" />
                <line number="109" hits="31528" branch="False" />
              </lines>
            </method>
            <method name="RemoveData" signature="(System.Int32,System.Int32)" line-rate="1" branch-rate="1" complexity="1">
              <lines>
                <line number="118" hits="15754" branch="False" />
                <line number="119" hits="15754" branch="False" />
                <line number="120" hits="15754" branch="False" />
                <line number="121" hits="15754" branch="False" />
                <line number="122" hits="15754" branch="False" />
                <line number="123" hits="15754" branch="False" />
              </lines>
            </method>
            <method name=".ctor" signature="(System.Action`1&lt;NetworkUtil.SocketState&gt;,System.Net.Sockets.Socket)" line-rate="1" branch-rate="1" complexity="1">
              <lines>
                <line number="20" hits="63" branch="False" />
                <line number="21" hits="63" branch="False" />
                <line number="66" hits="42" branch="False" />
                <line number="67" hits="42" branch="False" />
                <line number="68" hits="42" branch="False" />
                <line number="69" hits="42" branch="False" />
                <line number="70" hits="42" branch="False" />
                <line number="71" hits="42" branch="False" />
                <line number="72" hits="42" branch="False" />
                <line number="73" hits="42" branch="False" />
                <line number="74" hits="42" branch="False" />
                <line number="75" hits="42" branch="False" />
              </lines>
            </method>
            <method name=".ctor" signature="(System.Action`1&lt;NetworkUtil.SocketState&gt;,System.String)" line-rate="1" branch-rate="1" complexity="1">
              <lines>
                <line number="83" hits="21" branch="False" />
                <line number="84" hits="21" branch="False" />
                <line number="86" hits="21" branch="False" />
                <line number="87" hits="21" branch="False" />
                <line number="88" hits="21" branch="False" />
                <line number="89" hits="21" branch="False" />
                <line number="90" hits="21" branch="False" />
                <line number="91" hits="21" branch="False" />
                <line number="92" hits="21" branch="False" />
                <line number="93" hits="21" branch="False" />
                <line number="94" hits="21" branch="False" />
              </lines>
            </method>
            <method name=".cctor" signature="()" line-rate="1" branch-rate="1" complexity="1">
              <lines>
                <line number="48" hits="1" branch="False" />
                <line number="49" hits="1" branch="False" />
              </lines>
            </method>
          </methods>
          <lines>
            <line number="28" hits="0" branch="False" />
            <line number="29" hits="31" branch="False" />
            <line number="40" hits="15786" branch="False" />
            <line number="41" hits="73" branch="False" />
            <line number="102" hits="31528" branch="False" />
            <line number="104" hits="31528" branch="False" />
            <line number="105" hits="31528" branch="False" />
            <line number="106" hits="31528" branch="False" />
            <line number="107" hits="31528" branch="False" />
            <line number="108" hits="31528" branch="False" />
            <line number="109" hits="31528" branch="False" />
            <line number="118" hits="15754" branch="False" />
            <line number="119" hits="15754" branch="False" />
            <line number="120" hits="15754" branch="False" />
            <line number="121" hits="15754" branch="False" />
            <line number="122" hits="15754" branch="False" />
            <line number="123" hits="15754" branch="False" />
            <line number="20" hits="63" branch="False" />
            <line number="21" hits="63" branch="False" />
            <line number="66" hits="42" branch="False" />
            <line number="67" hits="42" branch="False" />
            <line number="68" hits="42" branch="False" />
            <line number="69" hits="42" branch="False" />
            <line number="70" hits="42" branch="False" />
            <line number="71" hits="42" branch="False" />
            <line number="72" hits="42" branch="False" />
            <line number="73" hits="42" branch="False" />
            <line number="74" hits="42" branch="False" />
            <line number="75" hits="42" branch="False" />
            <line number="83" hits="21" branch="False" />
            <line number="84" hits="21" branch="False" />
            <line number="86" hits="21" branch="False" />
            <line number="87" hits="21" branch="False" />
            <line number="88" hits="21" branch="False" />
            <line number="89" hits="21" branch="False" />
            <line number="90" hits="21" branch="False" />
            <line number="91" hits="21" branch="False" />
            <line number="92" hits="21" branch="False" />
            <line number="93" hits="21" branch="False" />
            <line number="94" hits="21" branch="False" />
            <line number="48" hits="1" branch="False" />
            <line number="49" hits="1" branch="False" />
          </lines>
        </class>
      </classes>
    </package>
    <package name="NetworkTestHelper" line-rate="1" branch-rate="1" complexity="6">
      <classes>
        <class name="NetworkUtil.NetworkTestHelper" filename="source\repos\uofu-cs3500-fall23\game-insert_name_here_game\PS7\NetworkTestHelper\NetworkTestHelper.cs" line-rate="1" branch-rate="1" complexity="6">
          <methods>
            <method name="WaitForOrTimeout" signature="(System.Func`1&lt;System.Boolean&gt;,System.Int32)" line-rate="1" branch-rate="1" complexity="4">
              <lines>
                <line number="22" hits="47" branch="False" />
                <line number="23" hits="47" branch="False" />
                <line number="24" hits="1407" branch="True" condition-coverage="100% (4/4)">
                  <conditions>
                    <condition number="37" type="jump" coverage="100%" />
                    <condition number="26" type="jump" coverage="100%" />
                  </conditions>
                </line>
                <line number="25" hits="1360" branch="False" />
                <line number="26" hits="1360" branch="False" />
                <line number="28" hits="1360" branch="False" />
                <line number="29" hits="1360" branch="False" />
                <line number="30" hits="47" branch="False" />
              </lines>
            </method>
            <method name="SetupSingleConnectionTest" signature="(System.Net.Sockets.TcpListener&amp;,NetworkUtil.SocketState&amp;,NetworkUtil.SocketState&amp;)" line-rate="1" branch-rate="1" complexity="2">
              <lines>
                <line number="34" hits="19" branch="False" />
                <line number="35" hits="19" branch="False" />
                <line number="36" hits="19" branch="False" />
                <line number="48" hits="19" branch="False" />
                <line number="49" hits="19" branch="False" />
                <line number="51" hits="54" branch="True" condition-coverage="100% (2/2)">
                  <conditions>
                    <condition number="6" type="jump" coverage="100%" />
                  </conditions>
                </line>
                <line number="52" hits="19" branch="False" />
                <line number="53" hits="19" branch="False" />
                <line number="54" hits="19" branch="False" />
              </lines>
            </method>
          </methods>
          <lines>
            <line number="22" hits="47" branch="False" />
            <line number="23" hits="47" branch="False" />
            <line number="24" hits="1407" branch="True" condition-coverage="100% (4/4)">
              <conditions>
                <condition number="37" type="jump" coverage="100%" />
                <condition number="26" type="jump" coverage="100%" />
              </conditions>
            </line>
            <line number="25" hits="1360" branch="False" />
            <line number="26" hits="1360" branch="False" />
            <line number="28" hits="1360" branch="False" />
            <line number="29" hits="1360" branch="False" />
            <line number="30" hits="47" branch="False" />
            <line number="34" hits="19" branch="False" />
            <line number="35" hits="19" branch="False" />
            <line number="36" hits="19" branch="False" />
            <line number="48" hits="19" branch="False" />
            <line number="49" hits="19" branch="False" />
            <line number="51" hits="54" branch="True" condition-coverage="100% (2/2)">
              <conditions>
                <condition number="6" type="jump" coverage="100%" />
              </conditions>
            </line>
            <line number="52" hits="19" branch="False" />
            <line number="53" hits="19" branch="False" />
            <line number="54" hits="19" branch="False" />
          </lines>
        </class>
      </classes>
    </package>
    <package name="NetworkTests" line-rate="0.9913" branch-rate="0.826" complexity="60">
      <classes>
        <class name="AutoGeneratedProgram" filename=".nuget\packages\microsoft.net.test.sdk\17.6.0\build\netcoreapp3.1\Microsoft.NET.Test.Sdk.Program.cs" line-rate="0" branch-rate="1" complexity="1">
          <methods>
            <method name="Main" signature="(System.String[])" line-rate="0" branch-rate="1" complexity="1">
              <lines>
                <line number="4" hits="0" branch="False" />
              </lines>
            </method>
          </methods>
          <lines>
            <line number="4" hits="0" branch="False" />
          </lines>
        </class>
        <class name="NetworkUtil.NetworkTests" filename="source\repos\uofu-cs3500-fall23\game-insert_name_here_game\PS7\NetworkTests\NetworkTests.cs" line-rate="1" branch-rate="0.8" complexity="48">
          <methods>
            <method name="Init" signature="()" line-rate="1" branch-rate="1" complexity="1">
              <lines>
                <line number="21" hits="22" branch="False" />
                <line number="22" hits="22" branch="False" />
                <line number="23" hits="22" branch="False" />
                <line number="24" hits="22" branch="False" />
                <line number="25" hits="22" branch="False" />
              </lines>
            </method>
            <method name="Cleanup" signature="()" line-rate="1" branch-rate="1" complexity="1">
              <lines>
                <line number="30" hits="22" branch="False" />
                <line number="31" hits="22" branch="False" />
                <line number="32" hits="22" branch="False" />
              </lines>
            </method>
            <method name="StopTestServer" signature="(System.Net.Sockets.TcpListener,NetworkUtil.SocketState,NetworkUtil.SocketState)" line-rate="1" branch-rate="0.7777" complexity="18">
              <lines>
                <line number="36" hits="22" branch="False" />
                <line number="38" hits="22" branch="False" />
                <line number="40" hits="22" branch="True" condition-coverage="100% (2/2)">
                  <conditions>
                    <condition number="3" type="jump" coverage="100%" />
                  </conditions>
                </line>
                <line number="41" hits="22" branch="True" condition-coverage="75% (3/4)">
                  <conditions>
                    <condition number="15" type="jump" coverage="100%" />
                    <condition number="26" type="jump" coverage="50%" />
                  </conditions>
                </line>
                <line number="42" hits="20" branch="True" condition-coverage="75% (3/4)">
                  <conditions>
                    <condition number="39" type="jump" coverage="100%" />
                    <condition number="50" type="jump" coverage="50%" />
                  </conditions>
                </line>
                <line number="43" hits="20" branch="True" condition-coverage="75% (3/4)">
                  <conditions>
                    <condition number="62" type="jump" coverage="100%" />
                    <condition number="73" type="jump" coverage="50%" />
                  </conditions>
                </line>
                <line number="44" hits="20" branch="True" condition-coverage="75% (3/4)">
                  <conditions>
                    <condition number="86" type="jump" coverage="100%" />
                    <condition number="97" type="jump" coverage="50%" />
                  </conditions>
                </line>
                <line number="45" hits="20" branch="False" />
                <line number="49" hits="6" branch="False" />
                <line number="50" hits="22" branch="False" />
              </lines>
            </method>
            <method name="SetupTestConnections" signature="(System.Boolean,System.Net.Sockets.TcpListener&amp;,NetworkUtil.SocketState&amp;,NetworkUtil.SocketState&amp;)" line-rate="1" branch-rate="1" complexity="2">
              <lines>
                <line number="56" hits="18" branch="False" />
                <line number="58" hits="18" branch="True" condition-coverage="100% (2/2)">
                  <conditions>
                    <condition number="4" type="jump" coverage="100%" />
                  </conditions>
                </line>
                <line number="59" hits="9" branch="False" />
                <line number="60" hits="9" branch="False" />
                <line number="61" hits="9" branch="False" />
                <line number="62" hits="9" branch="False" />
                <line number="63" hits="9" branch="False" />
                <line number="64" hits="9" branch="False" />
                <line number="66" hits="9" branch="False" />
                <line number="67" hits="9" branch="False" />
                <line number="68" hits="9" branch="False" />
                <line number="69" hits="9" branch="False" />
                <line number="70" hits="9" branch="False" />
                <line number="71" hits="9" branch="False" />
                <line number="73" hits="18" branch="False" />
                <line number="74" hits="18" branch="False" />
                <line number="75" hits="18" branch="False" />
                <line number="76" hits="18" branch="False" />
                <line number="77" hits="18" branch="False" />
              </lines>
            </method>
            <method name="TestConnect" signature="()" line-rate="1" branch-rate="0.5" complexity="2">
              <lines>
                <line number="83" hits="1" branch="False" />
                <line number="84" hits="1" branch="False" />
                <line number="85" hits="1" branch="False" />
                <line number="86" hits="1" branch="False" />
                <line number="88" hits="1" branch="False" />
                <line number="89" hits="1" branch="False" />
                <line number="91" hits="1" branch="True" condition-coverage="50% (1/2)">
                  <conditions>
                    <condition number="115" type="jump" coverage="50%" />
                  </conditions>
                </line>
                <line number="92" hits="1" branch="False" />
              </lines>
            </method>
            <method name="TestConnectNoServer" signature="()" line-rate="1" branch-rate="0.5" complexity="2">
              <lines>
                <line number="97" hits="1" branch="False" />
                <line number="98" hits="1" branch="False" />
                <line number="107" hits="1" branch="False" />
                <line number="108" hits="3" branch="False" />
                <line number="110" hits="1" branch="False" />
                <line number="111" hits="1" branch="True" condition-coverage="50% (1/2)">
                  <conditions>
                    <condition number="92" type="jump" coverage="50%" />
                  </conditions>
                </line>
                <line number="112" hits="1" branch="False" />
              </lines>
            </method>
            <method name="TestConnectTimeout" signature="()" line-rate="1" branch-rate="0.5" complexity="2">
              <lines>
                <line number="117" hits="1" branch="False" />
                <line number="118" hits="1" branch="False" />
                <line number="126" hits="1" branch="False" />
                <line number="129" hits="2" branch="False" />
                <line number="131" hits="1" branch="False" />
                <line number="132" hits="1" branch="True" condition-coverage="50% (1/2)">
                  <conditions>
                    <condition number="92" type="jump" coverage="50%" />
                  </conditions>
                </line>
                <line number="133" hits="1" branch="False" />
              </lines>
            </method>
            <method name="TestConnectCallsDelegate" signature="()" line-rate="1" branch-rate="1" complexity="1">
              <lines>
                <line number="138" hits="1" branch="False" />
                <line number="139" hits="1" branch="False" />
                <line number="140" hits="1" branch="False" />
                <line number="154" hits="1" branch="False" />
                <line number="155" hits="1" branch="False" />
                <line number="156" hits="3" branch="False" />
                <line number="157" hits="2" branch="False" />
                <line number="159" hits="1" branch="False" />
                <line number="160" hits="1" branch="False" />
                <line number="161" hits="1" branch="False" />
              </lines>
            </method>
            <method name="TestDisconnectLocalThenSend" signature="(System.Boolean)" line-rate="1" branch-rate="1" complexity="1">
              <lines>
                <line number="178" hits="2" branch="False" />
                <line number="179" hits="2" branch="False" />
                <line number="181" hits="2" branch="False" />
                <line number="184" hits="2" branch="False" />
                <line number="185" hits="2" branch="False" />
              </lines>
            </method>
            <method name="TestSendTinyMessage" signature="(System.Boolean)" line-rate="1" branch-rate="1" complexity="1">
              <lines>
                <line number="200" hits="2" branch="False" />
                <line number="201" hits="2" branch="False" />
                <line number="204" hits="2" branch="False" />
                <line number="205" hits="6" branch="False" />
                <line number="207" hits="2" branch="False" />
                <line number="209" hits="2" branch="False" />
                <line number="214" hits="4" branch="False" />
                <line number="216" hits="2" branch="False" />
                <line number="217" hits="2" branch="False" />
              </lines>
            </method>
            <method name="TestNoEventLoop" signature="(System.Boolean)" line-rate="1" branch-rate="1" complexity="1">
              <lines>
                <line number="224" hits="2" branch="False" />
                <line number="225" hits="2" branch="False" />
                <line number="227" hits="2" branch="False" />
                <line number="231" hits="4" branch="False" />
                <line number="233" hits="2" branch="False" />
                <line number="234" hits="2" branch="False" />
                <line number="238" hits="4" branch="False" />
                <line number="241" hits="2" branch="False" />
                <line number="242" hits="672" branch="False" />
                <line number="244" hits="2" branch="False" />
                <line number="245" hits="2" branch="False" />
              </lines>
            </method>
            <method name="TestDelayedSends" signature="(System.Boolean)" line-rate="1" branch-rate="1" complexity="1">
              <lines>
                <line number="252" hits="2" branch="False" />
                <line number="253" hits="2" branch="False" />
                <line number="256" hits="2" branch="False" />
                <line number="257" hits="10" branch="False" />
                <line number="259" hits="2" branch="False" />
                <line number="260" hits="2" branch="False" />
                <line number="264" hits="4" branch="False" />
                <line number="266" hits="2" branch="False" />
                <line number="267" hits="2" branch="False" />
                <line number="271" hits="4" branch="False" />
                <line number="273" hits="2" branch="False" />
                <line number="274" hits="2" branch="False" />
              </lines>
            </method>
            <method name="TestEventLoop" signature="(System.Boolean)" line-rate="1" branch-rate="1" complexity="2">
              <lines>
                <line number="281" hits="2" branch="False" />
                <line number="282" hits="2" branch="False" />
                <line number="284" hits="2" branch="False" />
                <line number="287" hits="2" branch="False" />
                <line number="288" hits="6" branch="False" />
                <line number="289" hits="6" branch="True" condition-coverage="100% (2/2)">
                  <conditions>
                    <condition number="9" type="jump" coverage="100%" />
                  </conditions>
                </line>
                <line number="290" hits="2" branch="False" />
                <line number="291" hits="4" branch="False" />
                <line number="292" hits="4" branch="False" />
                <line number="293" hits="8" branch="False" />
                <line number="295" hits="2" branch="False" />
                <line number="296" hits="2" branch="False" />
                <line number="297" hits="4" branch="False" />
                <line number="299" hits="2" branch="False" />
                <line number="300" hits="6" branch="False" />
                <line number="302" hits="2" branch="False" />
                <line number="303" hits="2" branch="False" />
              </lines>
            </method>
            <method name="TestChangeOnNetworkAction" signature="(System.Boolean)" line-rate="1" branch-rate="1" complexity="1">
              <lines>
                <line number="310" hits="2" branch="False" />
                <line number="311" hits="2" branch="False" />
                <line number="313" hits="2" branch="False" />
                <line number="314" hits="2" branch="False" />
                <line number="332" hits="2" branch="False" />
                <line number="334" hits="2" branch="False" />
                <line number="335" hits="2" branch="False" />
                <line number="336" hits="4" branch="False" />
                <line number="338" hits="2" branch="False" />
                <line number="339" hits="6" branch="False" />
                <line number="341" hits="2" branch="False" />
                <line number="342" hits="2" branch="False" />
                <line number="343" hits="2" branch="False" />
              </lines>
            </method>
            <method name="TestReceiveRemovesAll" signature="(System.Boolean)" line-rate="1" branch-rate="0.8332999999999999" complexity="6">
              <lines>
                <line number="350" hits="2" branch="False" />
                <line number="351" hits="2" branch="False" />
                <line number="353" hits="2" branch="False" />
                <line number="364" hits="2" branch="False" />
                <line number="367" hits="2" branch="False" />
                <line number="369" hits="40004" branch="True" condition-coverage="100% (2/2)">
                  <conditions>
                    <condition number="144" type="jump" coverage="100%" />
                  </conditions>
                </line>
                <line number="370" hits="20000" branch="False" />
                <line number="371" hits="20000" branch="False" />
                <line number="372" hits="20000" branch="True" condition-coverage="50% (1/2)">
                  <conditions>
                    <condition number="113" type="jump" coverage="50%" />
                  </conditions>
                </line>
                <line number="373" hits="20000" branch="False" />
                <line number="375" hits="4" branch="False" />
                <line number="379" hits="2" branch="False" />
                <line number="380" hits="40004" branch="True" condition-coverage="100% (2/2)">
                  <conditions>
                    <condition number="221" type="jump" coverage="100%" />
                  </conditions>
                </line>
                <line number="381" hits="20000" branch="False" />
                <line number="382" hits="20000" branch="False" />
                <line number="383" hits="20000" branch="False" />
                <line number="384" hits="20000" branch="False" />
                <line number="386" hits="2" branch="False" />
                <line number="387" hits="2" branch="False" />
              </lines>
            </method>
            <method name="TestReceiveRemovesPartial" signature="(System.Boolean)" line-rate="1" branch-rate="1" complexity="4">
              <lines>
                <line number="394" hits="2" branch="False" />
                <line number="395" hits="2" branch="False" />
                <line number="400" hits="2" branch="False" />
                <line number="402" hits="2" branch="False" />
                <line number="414" hits="2" branch="False" />
                <line number="417" hits="2" branch="False" />
                <line number="419" hits="4004" branch="True" condition-coverage="100% (2/2)">
                  <conditions>
                    <condition number="134" type="jump" coverage="100%" />
                  </conditions>
                </line>
                <line number="420" hits="2000" branch="False" />
                <line number="421" hits="2000" branch="False" />
                <line number="422" hits="2000" branch="False" />
                <line number="425" hits="672" branch="False" />
                <line number="427" hits="2" branch="False" />
                <line number="431" hits="2" branch="False" />
                <line number="432" hits="4004" branch="True" condition-coverage="100% (2/2)">
                  <conditions>
                    <condition number="245" type="jump" coverage="100%" />
                  </conditions>
                </line>
                <line number="433" hits="2000" branch="False" />
                <line number="434" hits="2000" branch="False" />
                <line number="435" hits="2000" branch="False" />
                <line number="437" hits="2" branch="False" />
                <line number="438" hits="2" branch="False" />
              </lines>
            </method>
            <method name="TestReceiveHugeMessage" signature="(System.Boolean)" line-rate="1" branch-rate="1" complexity="2">
              <lines>
                <line number="445" hits="2" branch="False" />
                <line number="446" hits="2" branch="False" />
                <line number="448" hits="2" branch="False" />
                <line number="449" hits="18" branch="False" />
                <line number="450" hits="18" branch="True" condition-coverage="100% (2/2)">
                  <conditions>
                    <condition number="9" type="jump" coverage="100%" />
                  </conditions>
                </line>
                <line number="451" hits="2" branch="False" />
                <line number="452" hits="16" branch="False" />
                <line number="453" hits="20" branch="False" />
                <line number="455" hits="2" branch="False" />
                <line number="457" hits="2" branch="False" />
                <line number="458" hits="2" branch="False" />
                <line number="460" hits="2" branch="False" />
                <line number="462" hits="6" branch="False" />
                <line number="464" hits="2" branch="False" />
                <line number="465" hits="2" branch="False" />
              </lines>
            </method>
          </methods>
          <lines>
            <line number="21" hits="22" branch="False" />
            <line number="22" hits="22" branch="False" />
            <line number="23" hits="22" branch="False" />
            <line number="24" hits="22" branch="False" />
            <line number="25" hits="22" branch="False" />
            <line number="30" hits="22" branch="False" />
            <line number="31" hits="22" branch="False" />
            <line number="32" hits="22" branch="False" />
            <line number="36" hits="22" branch="False" />
            <line number="38" hits="22" branch="False" />
            <line number="40" hits="22" branch="True" condition-coverage="100% (2/2)">
              <conditions>
                <condition number="3" type="jump" coverage="100%" />
              </conditions>
            </line>
            <line number="41" hits="22" branch="True" condition-coverage="75% (3/4)">
              <conditions>
                <condition number="15" type="jump" coverage="100%" />
                <condition number="26" type="jump" coverage="50%" />
              </conditions>
            </line>
            <line number="42" hits="20" branch="True" condition-coverage="75% (3/4)">
              <conditions>
                <condition number="39" type="jump" coverage="100%" />
                <condition number="50" type="jump" coverage="50%" />
              </conditions>
            </line>
            <line number="43" hits="20" branch="True" condition-coverage="75% (3/4)">
              <conditions>
                <condition number="62" type="jump" coverage="100%" />
                <condition number="73" type="jump" coverage="50%" />
              </conditions>
            </line>
            <line number="44" hits="20" branch="True" condition-coverage="75% (3/4)">
              <conditions>
                <condition number="86" type="jump" coverage="100%" />
                <condition number="97" type="jump" coverage="50%" />
              </conditions>
            </line>
            <line number="45" hits="20" branch="False" />
            <line number="49" hits="6" branch="False" />
            <line number="50" hits="22" branch="False" />
            <line number="56" hits="18" branch="False" />
            <line number="58" hits="18" branch="True" condition-coverage="100% (2/2)">
              <conditions>
                <condition number="4" type="jump" coverage="100%" />
              </conditions>
            </line>
            <line number="59" hits="9" branch="False" />
            <line number="60" hits="9" branch="False" />
            <line number="61" hits="9" branch="False" />
            <line number="62" hits="9" branch="False" />
            <line number="63" hits="9" branch="False" />
            <line number="64" hits="9" branch="False" />
            <line number="66" hits="9" branch="False" />
            <line number="67" hits="9" branch="False" />
            <line number="68" hits="9" branch="False" />
            <line number="69" hits="9" branch="False" />
            <line number="70" hits="9" branch="False" />
            <line number="71" hits="9" branch="False" />
            <line number="73" hits="18" branch="False" />
            <line number="74" hits="18" branch="False" />
            <line number="75" hits="18" branch="False" />
            <line number="76" hits="18" branch="False" />
            <line number="77" hits="18" branch="False" />
            <line number="83" hits="1" branch="False" />
            <line number="84" hits="1" branch="False" />
            <line number="85" hits="1" branch="False" />
            <line number="86" hits="1" branch="False" />
            <line number="88" hits="1" branch="False" />
            <line number="89" hits="1" branch="False" />
            <line number="91" hits="1" branch="True" condition-coverage="50% (1/2)">
              <conditions>
                <condition number="115" type="jump" coverage="50%" />
              </conditions>
            </line>
            <line number="92" hits="1" branch="False" />
            <line number="97" hits="1" branch="False" />
            <line number="98" hits="1" branch="False" />
            <line number="107" hits="1" branch="False" />
            <line number="108" hits="3" branch="False" />
            <line number="110" hits="1" branch="False" />
            <line number="111" hits="1" branch="True" condition-coverage="50% (1/2)">
              <conditions>
                <condition number="92" type="jump" coverage="50%" />
              </conditions>
            </line>
            <line number="112" hits="1" branch="False" />
            <line number="117" hits="1" branch="False" />
            <line number="118" hits="1" branch="False" />
            <line number="126" hits="1" branch="False" />
            <line number="129" hits="2" branch="False" />
            <line number="131" hits="1" branch="False" />
            <line number="132" hits="1" branch="True" condition-coverage="50% (1/2)">
              <conditions>
                <condition number="92" type="jump" coverage="50%" />
              </conditions>
            </line>
            <line number="133" hits="1" branch="False" />
            <line number="138" hits="1" branch="False" />
            <line number="139" hits="1" branch="False" />
            <line number="140" hits="1" branch="False" />
            <line number="154" hits="1" branch="False" />
            <line number="155" hits="1" branch="False" />
            <line number="156" hits="3" branch="False" />
            <line number="157" hits="2" branch="False" />
            <line number="159" hits="1" branch="False" />
            <line number="160" hits="1" branch="False" />
            <line number="161" hits="1" branch="False" />
            <line number="178" hits="2" branch="False" />
            <line number="179" hits="2" branch="False" />
            <line number="181" hits="2" branch="False" />
            <line number="184" hits="2" branch="False" />
            <line number="185" hits="2" branch="False" />
            <line number="200" hits="2" branch="False" />
            <line number="201" hits="2" branch="False" />
            <line number="204" hits="2" branch="False" />
            <line number="205" hits="6" branch="False" />
            <line number="207" hits="2" branch="False" />
            <line number="209" hits="2" branch="False" />
            <line number="214" hits="4" branch="False" />
            <line number="216" hits="2" branch="False" />
            <line number="217" hits="2" branch="False" />
            <line number="224" hits="2" branch="False" />
            <line number="225" hits="2" branch="False" />
            <line number="227" hits="2" branch="False" />
            <line number="231" hits="4" branch="False" />
            <line number="233" hits="2" branch="False" />
            <line number="234" hits="2" branch="False" />
            <line number="238" hits="4" branch="False" />
            <line number="241" hits="2" branch="False" />
            <line number="242" hits="672" branch="False" />
            <line number="244" hits="2" branch="False" />
            <line number="245" hits="2" branch="False" />
            <line number="252" hits="2" branch="False" />
            <line number="253" hits="2" branch="False" />
            <line number="256" hits="2" branch="False" />
            <line number="257" hits="10" branch="False" />
            <line number="259" hits="2" branch="False" />
            <line number="260" hits="2" branch="False" />
            <line number="264" hits="4" branch="False" />
            <line number="266" hits="2" branch="False" />
            <line number="267" hits="2" branch="False" />
            <line number="271" hits="4" branch="False" />
            <line number="273" hits="2" branch="False" />
            <line number="274" hits="2" branch="False" />
            <line number="281" hits="2" branch="False" />
            <line number="282" hits="2" branch="False" />
            <line number="284" hits="2" branch="False" />
            <line number="287" hits="2" branch="False" />
            <line number="288" hits="6" branch="False" />
            <line number="289" hits="6" branch="True" condition-coverage="100% (2/2)">
              <conditions>
                <condition number="9" type="jump" coverage="100%" />
              </conditions>
            </line>
            <line number="290" hits="2" branch="False" />
            <line number="291" hits="4" branch="False" />
            <line number="292" hits="4" branch="False" />
            <line number="293" hits="8" branch="False" />
            <line number="295" hits="2" branch="False" />
            <line number="296" hits="2" branch="False" />
            <line number="297" hits="4" branch="False" />
            <line number="299" hits="2" branch="False" />
            <line number="300" hits="6" branch="False" />
            <line number="302" hits="2" branch="False" />
            <line number="303" hits="2" branch="False" />
            <line number="310" hits="2" branch="False" />
            <line number="311" hits="2" branch="False" />
            <line number="313" hits="2" branch="False" />
            <line number="314" hits="2" branch="False" />
            <line number="332" hits="2" branch="False" />
            <line number="334" hits="2" branch="False" />
            <line number="335" hits="2" branch="False" />
            <line number="336" hits="4" branch="False" />
            <line number="338" hits="2" branch="False" />
            <line number="339" hits="6" branch="False" />
            <line number="341" hits="2" branch="False" />
            <line number="342" hits="2" branch="False" />
            <line number="343" hits="2" branch="False" />
            <line number="350" hits="2" branch="False" />
            <line number="351" hits="2" branch="False" />
            <line number="353" hits="2" branch="False" />
            <line number="364" hits="2" branch="False" />
            <line number="367" hits="2" branch="False" />
            <line number="369" hits="40004" branch="True" condition-coverage="100% (2/2)">
              <conditions>
                <condition number="144" type="jump" coverage="100%" />
              </conditions>
            </line>
            <line number="370" hits="20000" branch="False" />
            <line number="371" hits="20000" branch="False" />
            <line number="372" hits="20000" branch="True" condition-coverage="50% (1/2)">
              <conditions>
                <condition number="113" type="jump" coverage="50%" />
              </conditions>
            </line>
            <line number="373" hits="20000" branch="False" />
            <line number="375" hits="4" branch="False" />
            <line number="379" hits="2" branch="False" />
            <line number="380" hits="40004" branch="True" condition-coverage="100% (2/2)">
              <conditions>
                <condition number="221" type="jump" coverage="100%" />
              </conditions>
            </line>
            <line number="381" hits="20000" branch="False" />
            <line number="382" hits="20000" branch="False" />
            <line number="383" hits="20000" branch="False" />
            <line number="384" hits="20000" branch="False" />
            <line number="386" hits="2" branch="False" />
            <line number="387" hits="2" branch="False" />
            <line number="394" hits="2" branch="False" />
            <line number="395" hits="2" branch="False" />
            <line number="400" hits="2" branch="False" />
            <line number="402" hits="2" branch="False" />
            <line number="414" hits="2" branch="False" />
            <line number="417" hits="2" branch="False" />
            <line number="419" hits="4004" branch="True" condition-coverage="100% (2/2)">
              <conditions>
                <condition number="134" type="jump" coverage="100%" />
              </conditions>
            </line>
            <line number="420" hits="2000" branch="False" />
            <line number="421" hits="2000" branch="False" />
            <line number="422" hits="2000" branch="False" />
            <line number="425" hits="672" branch="False" />
            <line number="427" hits="2" branch="False" />
            <line number="431" hits="2" branch="False" />
            <line number="432" hits="4004" branch="True" condition-coverage="100% (2/2)">
              <conditions>
                <condition number="245" type="jump" coverage="100%" />
              </conditions>
            </line>
            <line number="433" hits="2000" branch="False" />
            <line number="434" hits="2000" branch="False" />
            <line number="435" hits="2000" branch="False" />
            <line number="437" hits="2" branch="False" />
            <line number="438" hits="2" branch="False" />
            <line number="445" hits="2" branch="False" />
            <line number="446" hits="2" branch="False" />
            <line number="448" hits="2" branch="False" />
            <line number="449" hits="18" branch="False" />
            <line number="450" hits="18" branch="True" condition-coverage="100% (2/2)">
              <conditions>
                <condition number="9" type="jump" coverage="100%" />
              </conditions>
            </line>
            <line number="451" hits="2" branch="False" />
            <line number="452" hits="16" branch="False" />
            <line number="453" hits="20" branch="False" />
            <line number="455" hits="2" branch="False" />
            <line number="457" hits="2" branch="False" />
            <line number="458" hits="2" branch="False" />
            <line number="460" hits="2" branch="False" />
            <line number="462" hits="6" branch="False" />
            <line number="464" hits="2" branch="False" />
            <line number="465" hits="2" branch="False" />
          </lines>
        </class>
        <class name="NetworkUtil.NetworkTests/&lt;&gt;c__DisplayClass10_0" filename="source\repos\uofu-cs3500-fall23\game-insert_name_here_game\PS7\NetworkTests\NetworkTests.cs" line-rate="1" branch-rate="1" complexity="2">
          <methods>
            <method name="&lt;TestConnectCallsDelegate&gt;g__saveServerState|0" signature="(NetworkUtil.SocketState)" line-rate="1" branch-rate="1" complexity="1">
              <lines>
                <line number="143" hits="2" branch="False" />
                <line number="144" hits="2" branch="False" />
                <line number="145" hits="2" branch="False" />
                <line number="146" hits="2" branch="False" />
              </lines>
            </method>
            <method name="&lt;TestConnectCallsDelegate&gt;g__saveClientState|1" signature="(NetworkUtil.SocketState)" line-rate="1" branch-rate="1" complexity="1">
              <lines>
                <line number="149" hits="1" branch="False" />
                <line number="150" hits="1" branch="False" />
                <line number="151" hits="1" branch="False" />
                <line number="152" hits="1" branch="False" />
              </lines>
            </method>
          </methods>
          <lines>
            <line number="143" hits="2" branch="False" />
            <line number="144" hits="2" branch="False" />
            <line number="145" hits="2" branch="False" />
            <line number="146" hits="2" branch="False" />
            <line number="149" hits="1" branch="False" />
            <line number="150" hits="1" branch="False" />
            <line number="151" hits="1" branch="False" />
            <line number="152" hits="1" branch="False" />
          </lines>
        </class>
        <class name="NetworkUtil.NetworkTests/&lt;&gt;c__DisplayClass16_0" filename="source\repos\uofu-cs3500-fall23\game-insert_name_here_game\PS7\NetworkTests\NetworkTests.cs" line-rate="0.9" branch-rate="1" complexity="3">
          <methods>
            <method name="&lt;TestChangeOnNetworkAction&gt;g__firstOnNetworkAction|0" signature="(NetworkUtil.SocketState)" line-rate="0.8571" branch-rate="1" complexity="2">
              <lines>
                <line number="318" hits="2" branch="False" />
                <line number="319" hits="2" branch="True" condition-coverage="100% (2/2)">
                  <conditions>
                    <condition number="9" type="jump" coverage="100%" />
                  </conditions>
                </line>
                <line number="320" hits="0" branch="False" />
                <line number="321" hits="2" branch="False" />
                <line number="322" hits="2" branch="False" />
                <line number="323" hits="2" branch="False" />
                <line number="324" hits="2" branch="False" />
              </lines>
            </method>
            <method name="&lt;TestChangeOnNetworkAction&gt;g__secondOnNetworkAction|1" signature="(NetworkUtil.SocketState)" line-rate="1" branch-rate="1" complexity="1">
              <lines>
                <line number="327" hits="2" branch="False" />
                <line number="328" hits="2" branch="False" />
                <line number="329" hits="2" branch="False" />
              </lines>
            </method>
          </methods>
          <lines>
            <line number="318" hits="2" branch="False" />
            <line number="319" hits="2" branch="True" condition-coverage="100% (2/2)">
              <conditions>
                <condition number="9" type="jump" coverage="100%" />
              </conditions>
            </line>
            <line number="320" hits="0" branch="False" />
            <line number="321" hits="2" branch="False" />
            <line number="322" hits="2" branch="False" />
            <line number="323" hits="2" branch="False" />
            <line number="324" hits="2" branch="False" />
            <line number="327" hits="2" branch="False" />
            <line number="328" hits="2" branch="False" />
            <line number="329" hits="2" branch="False" />
          </lines>
        </class>
        <class name="NetworkUtil.NetworkTests/&lt;&gt;c__DisplayClass17_0" filename="source\repos\uofu-cs3500-fall23\game-insert_name_here_game\PS7\NetworkTests\NetworkTests.cs" line-rate="1" branch-rate="1" complexity="2">
          <methods>
            <method name="&lt;TestReceiveRemovesAll&gt;g__removeMessage|0" signature="(NetworkUtil.SocketState)" line-rate="1" branch-rate="1" complexity="2">
              <lines>
                <line number="356" hits="14459" branch="False" />
                <line number="357" hits="14459" branch="True" condition-coverage="100% (2/2)">
                  <conditions>
                    <condition number="9" type="jump" coverage="100%" />
                  </conditions>
                </line>
                <line number="358" hits="2" branch="False" />
                <line number="359" hits="14457" branch="False" />
                <line number="360" hits="14457" branch="False" />
                <line number="361" hits="14457" branch="False" />
                <line number="362" hits="14459" branch="False" />
              </lines>
            </method>
          </methods>
          <lines>
            <line number="356" hits="14459" branch="False" />
            <line number="357" hits="14459" branch="True" condition-coverage="100% (2/2)">
              <conditions>
                <condition number="9" type="jump" coverage="100%" />
              </conditions>
            </line>
            <line number="358" hits="2" branch="False" />
            <line number="359" hits="14457" branch="False" />
            <line number="360" hits="14457" branch="False" />
            <line number="361" hits="14457" branch="False" />
            <line number="362" hits="14459" branch="False" />
          </lines>
        </class>
        <class name="NetworkUtil.NetworkTests/&lt;&gt;c__DisplayClass18_0" filename="source\repos\uofu-cs3500-fall23\game-insert_name_here_game\PS7\NetworkTests\NetworkTests.cs" line-rate="1" branch-rate="1" complexity="2">
          <methods>
            <method name="&lt;TestReceiveRemovesPartial&gt;g__removeMessage|0" signature="(NetworkUtil.SocketState)" line-rate="1" branch-rate="1" complexity="2">
              <lines>
                <line number="405" hits="1299" branch="False" />
                <line number="406" hits="1299" branch="True" condition-coverage="100% (2/2)">
                  <conditions>
                    <condition number="9" type="jump" coverage="100%" />
                  </conditions>
                </line>
                <line number="407" hits="2" branch="False" />
                <line number="408" hits="1297" branch="False" />
                <line number="409" hits="1297" branch="False" />
                <line number="410" hits="1297" branch="False" />
                <line number="411" hits="1297" branch="False" />
                <line number="412" hits="1299" branch="False" />
              </lines>
            </method>
          </methods>
          <lines>
            <line number="405" hits="1299" branch="False" />
            <line number="406" hits="1299" branch="True" condition-coverage="100% (2/2)">
              <conditions>
                <condition number="9" type="jump" coverage="100%" />
              </conditions>
            </line>
            <line number="407" hits="2" branch="False" />
            <line number="408" hits="1297" branch="False" />
            <line number="409" hits="1297" branch="False" />
            <line number="410" hits="1297" branch="False" />
            <line number="411" hits="1297" branch="False" />
            <line number="412" hits="1299" branch="False" />
          </lines>
        </class>
        <class name="NetworkUtil.NetworkTests/&lt;&gt;c__DisplayClass8_0" filename="source\repos\uofu-cs3500-fall23\game-insert_name_here_game\PS7\NetworkTests\NetworkTests.cs" line-rate="1" branch-rate="1" complexity="1">
          <methods>
            <method name="&lt;TestConnectNoServer&gt;g__saveClientState|0" signature="(NetworkUtil.SocketState)" line-rate="1" branch-rate="1" complexity="1">
              <lines>
                <line number="101" hits="1" branch="False" />
                <line number="102" hits="1" branch="False" />
                <line number="103" hits="1" branch="False" />
                <line number="104" hits="1" branch="False" />
              </lines>
            </method>
          </methods>
          <lines>
            <line number="101" hits="1" branch="False" />
            <line number="102" hits="1" branch="False" />
            <line number="103" hits="1" branch="False" />
            <line number="104" hits="1" branch="False" />
          </lines>
        </class>
        <class name="NetworkUtil.NetworkTests/&lt;&gt;c__DisplayClass9_0" filename="source\repos\uofu-cs3500-fall23\game-insert_name_here_game\PS7\NetworkTests\NetworkTests.cs" line-rate="1" branch-rate="1" complexity="1">
          <methods>
            <method name="&lt;TestConnectTimeout&gt;g__saveClientState|0" signature="(NetworkUtil.SocketState)" line-rate="1" branch-rate="1" complexity="1">
              <lines>
                <line number="121" hits="2" branch="False" />
                <line number="122" hits="2" branch="False" />
                <line number="123" hits="2" branch="False" />
                <line number="124" hits="2" branch="False" />
              </lines>
            </method>
          </methods>
          <lines>
            <line number="121" hits="2" branch="False" />
            <line number="122" hits="2" branch="False" />
            <line number="123" hits="2" branch="False" />
            <line number="124" hits="2" branch="False" />
          </lines>
        </class>
      </classes>
    </package>
  </packages>
</coverage>